<?xml version="1.0" encoding="utf-8"?>
<CoverageSession xmlns:xsd="http://www.w3.org/2001/XMLSchema" xmlns:xsi="http://www.w3.org/2001/XMLSchema-instance" Version="4.6.0.0">
  <Summary numSequencePoints="1080" visitedSequencePoints="74" numBranchPoints="266" visitedBranchPoints="18" sequenceCoverage="6.85" branchCoverage="6.77" maxCyclomaticComplexity="14" minCyclomaticComplexity="1" maxCrapScore="210" minCrapScore="1" visitedClasses="7" numClasses="19" visitedMethods="18" numMethods="124" />
  <Modules>
    <Module hash="4C-9F-36-62-8C-39-43-AA-95-40-B2-D9-3C-A5-53-ED-CC-FA-EA-91">
      <Summary numSequencePoints="615" visitedSequencePoints="48" numBranchPoints="74" visitedBranchPoints="12" sequenceCoverage="7.80" branchCoverage="16.22" maxCyclomaticComplexity="1" minCyclomaticComplexity="1" maxCrapScore="2" minCrapScore="1" visitedClasses="3" numClasses="5" visitedMethods="12" numMethods="74" />
      <ModulePath>C:\Users\Administrator\Desktop\garis\FSE_IIHT_SBA_Project\server\ProjectManager\ProjectManager.Tests\bin\Debug\ProjectManager.Tests.dll</ModulePath>
      <ModuleTime>2019-06-17T07:01:40.2610063Z</ModuleTime>
      <ModuleName>ProjectManager.Tests</ModuleName>
      <Files>
        <File uid="1" fullPath="C:\Users\Administrator\Desktop\garis\FSE_IIHT_SBA_Project\server\ProjectManager\ProjectManager.Tests\ProjectControllerTest.cs" />
        <File uid="2" fullPath="C:\Users\Administrator\Desktop\garis\FSE_IIHT_SBA_Project\server\ProjectManager\ProjectManager.Tests\TaskControllerTest.cs" />
        <File uid="3" fullPath="C:\Users\Administrator\Desktop\garis\FSE_IIHT_SBA_Project\server\ProjectManager\ProjectManager.Tests\TestDbSet.cs" />
        <File uid="4" fullPath="C:\Users\Administrator\Desktop\garis\FSE_IIHT_SBA_Project\server\ProjectManager\ProjectManager.Tests\UserControllerTest.cs" />
      </Files>
      <Classes>
        <Class>
          <Summary numSequencePoints="184" visitedSequencePoints="12" numBranchPoints="19" visitedBranchPoints="1" sequenceCoverage="6.52" branchCoverage="5.26" maxCyclomaticComplexity="1" minCyclomaticComplexity="1" maxCrapScore="2" minCrapScore="1" visitedClasses="1" numClasses="1" visitedMethods="1" numMethods="19" />
          <FullName>ProjectManager.Test.ProjectControllerTest</FullName>
          <Methods>
            <Method visited="true" cyclomaticComplexity="1" nPathComplexity="0" sequenceCoverage="100" branchCoverage="100" crapScore="1" isConstructor="false" isStatic="false" isGetter="false" isSetter="false">
              <Summary numSequencePoints="12" visitedSequencePoints="12" numBranchPoints="1" visitedBranchPoints="1" sequenceCoverage="100" branchCoverage="100" maxCyclomaticComplexity="1" minCyclomaticComplexity="1" maxCrapScore="1" minCrapScore="1" visitedClasses="0" numClasses="0" visitedMethods="1" numMethods="1" />
              <MetadataToken>100663297</MetadataToken>
              <Name>System.Void ProjectManager.Test.ProjectControllerTest::TestGetProjects_Success()</Name>
              <FileRef uid="1" />
              <SequencePoints>
                <SequencePoint vc="1" uspid="1" ordinal="0" offset="0" sl="20" sc="9" el="20" ec="10" bec="0" bev="0" fileid="1">
                  <TrackedMethodRefs>
                    <TrackedMethodRef uid="1" vc="1" />
                  </TrackedMethodRefs>
                </SequencePoint>
                <SequencePoint vc="1" uspid="2" ordinal="1" offset="1" sl="21" sc="13" el="21" ec="60" bec="0" bev="0" fileid="1">
                  <TrackedMethodRefs>
                    <TrackedMethodRef uid="1" vc="1" />
                  </TrackedMethodRefs>
                </SequencePoint>
                <SequencePoint vc="1" uspid="3" ordinal="2" offset="7" sl="22" sc="13" el="22" ec="57" bec="0" bev="0" fileid="1">
                  <TrackedMethodRefs>
                    <TrackedMethodRef uid="1" vc="1" />
                  </TrackedMethodRefs>
                </SequencePoint>
                <SequencePoint vc="1" uspid="4" ordinal="3" offset="13" sl="23" sc="13" el="30" ec="16" bec="0" bev="0" fileid="1">
                  <TrackedMethodRefs>
                    <TrackedMethodRef uid="1" vc="1" />
                  </TrackedMethodRefs>
                </SequencePoint>
                <SequencePoint vc="1" uspid="5" ordinal="4" offset="110" sl="31" sc="13" el="38" ec="16" bec="0" bev="0" fileid="1">
                  <TrackedMethodRefs>
                    <TrackedMethodRef uid="1" vc="1" />
                  </TrackedMethodRefs>
                </SequencePoint>
                <SequencePoint vc="1" uspid="6" ordinal="5" offset="207" sl="39" sc="13" el="39" ec="41" bec="0" bev="0" fileid="1">
                  <TrackedMethodRefs>
                    <TrackedMethodRef uid="1" vc="1" />
                  </TrackedMethodRefs>
                </SequencePoint>
                <SequencePoint vc="1" uspid="7" ordinal="6" offset="215" sl="41" sc="13" el="41" ec="79" bec="0" bev="0" fileid="1">
                  <TrackedMethodRefs>
                    <TrackedMethodRef uid="1" vc="1" />
                  </TrackedMethodRefs>
                </SequencePoint>
                <SequencePoint vc="1" uspid="8" ordinal="7" offset="227" sl="42" sc="13" el="42" ec="80" bec="0" bev="0" fileid="1">
                  <TrackedMethodRefs>
                    <TrackedMethodRef uid="1" vc="1" />
                  </TrackedMethodRefs>
                </SequencePoint>
                <SequencePoint vc="1" uspid="9" ordinal="8" offset="234" sl="44" sc="13" el="44" ec="38" bec="0" bev="0" fileid="1">
                  <TrackedMethodRefs>
                    <TrackedMethodRef uid="1" vc="1" />
                  </TrackedMethodRefs>
                </SequencePoint>
                <SequencePoint vc="1" uspid="10" ordinal="9" offset="241" sl="45" sc="13" el="45" ec="80" bec="0" bev="0" fileid="1">
                  <TrackedMethodRefs>
                    <TrackedMethodRef uid="1" vc="1" />
                  </TrackedMethodRefs>
                </SequencePoint>
                <SequencePoint vc="1" uspid="11" ordinal="10" offset="263" sl="46" sc="13" el="46" ec="77" bec="0" bev="0" fileid="1">
                  <TrackedMethodRefs>
                    <TrackedMethodRef uid="1" vc="1" />
                  </TrackedMethodRefs>
                </SequencePoint>
                <SequencePoint vc="1" uspid="12" ordinal="11" offset="286" sl="47" sc="9" el="47" ec="10" bec="0" bev="0" fileid="1">
                  <TrackedMethodRefs>
                    <TrackedMethodRef uid="1" vc="1" />
                  </TrackedMethodRefs>
                </SequencePoint>
              </SequencePoints>
              <BranchPoints />
              <MethodPoint xsi:type="SequencePoint" vc="1" uspid="1" ordinal="0" offset="0" sl="20" sc="9" el="20" ec="10" bec="0" bev="0" fileid="1">
                <TrackedMethodRefs>
                  <TrackedMethodRef uid="1" vc="1" />
                </TrackedMethodRefs>
              </MethodPoint>
            </Method>
            <Method visited="false" cyclomaticComplexity="1" nPathComplexity="0" sequenceCoverage="0" branchCoverage="0" crapScore="2" isConstructor="false" isStatic="false" isGetter="false" isSetter="false">
              <Summary numSequencePoints="11" visitedSequencePoints="0" numBranchPoints="1" visitedBranchPoints="0" sequenceCoverage="0" branchCoverage="0" maxCyclomaticComplexity="1" minCyclomaticComplexity="1" maxCrapScore="2" minCrapScore="2" visitedClasses="0" numClasses="0" visitedMethods="0" numMethods="1" />
              <MetadataToken>100663298</MetadataToken>
              <Name>System.Void ProjectManager.Test.ProjectControllerTest::TestInsertProjects_Success()</Name>
              <FileRef uid="1" />
              <SequencePoints>
                <SequencePoint vc="0" uspid="13" ordinal="0" offset="0" sl="51" sc="9" el="51" ec="10" bec="0" bev="0" fileid="1" />
                <SequencePoint vc="0" uspid="14" ordinal="1" offset="1" sl="52" sc="13" el="52" ec="60" bec="0" bev="0" fileid="1" />
                <SequencePoint vc="0" uspid="15" ordinal="2" offset="7" sl="53" sc="13" el="53" ec="51" bec="0" bev="0" fileid="1" />
                <SequencePoint vc="0" uspid="16" ordinal="3" offset="13" sl="54" sc="13" el="61" ec="16" bec="0" bev="0" fileid="1" />
                <SequencePoint vc="0" uspid="17" ordinal="4" offset="84" sl="62" sc="13" el="62" ec="35" bec="0" bev="0" fileid="1" />
                <SequencePoint vc="0" uspid="18" ordinal="5" offset="92" sl="63" sc="13" el="79" ec="15" bec="0" bev="0" fileid="1" />
                <SequencePoint vc="0" uspid="19" ordinal="6" offset="260" sl="80" sc="13" el="80" ec="79" bec="0" bev="0" fileid="1" />
                <SequencePoint vc="0" uspid="20" ordinal="7" offset="272" sl="81" sc="13" el="81" ec="95" bec="0" bev="0" fileid="1" />
                <SequencePoint vc="0" uspid="21" ordinal="8" offset="281" sl="83" sc="13" el="83" ec="38" bec="0" bev="0" fileid="1" />
                <SequencePoint vc="0" uspid="22" ordinal="9" offset="289" sl="84" sc="13" el="84" ec="67" bec="0" bev="0" fileid="1" />
                <SequencePoint vc="0" uspid="23" ordinal="10" offset="322" sl="85" sc="9" el="85" ec="10" bec="0" bev="0" fileid="1" />
              </SequencePoints>
              <BranchPoints />
              <MethodPoint xsi:type="SequencePoint" vc="0" uspid="13" ordinal="0" offset="0" sl="51" sc="9" el="51" ec="10" bec="0" bev="0" fileid="1" />
            </Method>
            <Method visited="false" cyclomaticComplexity="1" nPathComplexity="0" sequenceCoverage="0" branchCoverage="0" crapScore="2" isConstructor="false" isStatic="false" isGetter="false" isSetter="false">
              <Summary numSequencePoints="14" visitedSequencePoints="0" numBranchPoints="1" visitedBranchPoints="0" sequenceCoverage="0" branchCoverage="0" maxCyclomaticComplexity="1" minCyclomaticComplexity="1" maxCrapScore="2" minCrapScore="2" visitedClasses="0" numClasses="0" visitedMethods="0" numMethods="1" />
              <MetadataToken>100663299</MetadataToken>
              <Name>System.Void ProjectManager.Test.ProjectControllerTest::TestUpdateProjects_Success()</Name>
              <FileRef uid="1" />
              <SequencePoints>
                <SequencePoint vc="0" uspid="24" ordinal="0" offset="0" sl="89" sc="9" el="89" ec="10" bec="0" bev="0" fileid="1" />
                <SequencePoint vc="0" uspid="25" ordinal="1" offset="1" sl="90" sc="13" el="90" ec="60" bec="0" bev="0" fileid="1" />
                <SequencePoint vc="0" uspid="26" ordinal="2" offset="7" sl="91" sc="13" el="91" ec="57" bec="0" bev="0" fileid="1" />
                <SequencePoint vc="0" uspid="27" ordinal="3" offset="13" sl="92" sc="13" el="92" ec="51" bec="0" bev="0" fileid="1" />
                <SequencePoint vc="0" uspid="28" ordinal="4" offset="19" sl="93" sc="13" el="101" ec="16" bec="0" bev="0" fileid="1" />
                <SequencePoint vc="0" uspid="29" ordinal="5" offset="113" sl="102" sc="13" el="109" ec="16" bec="0" bev="0" fileid="1" />
                <SequencePoint vc="0" uspid="30" ordinal="6" offset="211" sl="110" sc="13" el="110" ec="41" bec="0" bev="0" fileid="1" />
                <SequencePoint vc="0" uspid="31" ordinal="7" offset="219" sl="111" sc="13" el="111" ec="35" bec="0" bev="0" fileid="1" />
                <SequencePoint vc="0" uspid="32" ordinal="8" offset="227" sl="112" sc="13" el="129" ec="15" bec="0" bev="0" fileid="1" />
                <SequencePoint vc="0" uspid="33" ordinal="9" offset="410" sl="131" sc="13" el="131" ec="79" bec="0" bev="0" fileid="1" />
                <SequencePoint vc="0" uspid="34" ordinal="10" offset="423" sl="132" sc="13" el="132" ec="95" bec="0" bev="0" fileid="1" />
                <SequencePoint vc="0" uspid="35" ordinal="11" offset="433" sl="134" sc="13" el="134" ec="38" bec="0" bev="0" fileid="1" />
                <SequencePoint vc="0" uspid="36" ordinal="12" offset="441" sl="135" sc="13" el="135" ec="96" bec="0" bev="0" fileid="1" />
                <SequencePoint vc="0" uspid="37" ordinal="13" offset="479" sl="136" sc="9" el="136" ec="10" bec="0" bev="0" fileid="1" />
              </SequencePoints>
              <BranchPoints />
              <MethodPoint xsi:type="SequencePoint" vc="0" uspid="24" ordinal="0" offset="0" sl="89" sc="9" el="89" ec="10" bec="0" bev="0" fileid="1" />
            </Method>
            <Method visited="false" cyclomaticComplexity="1" nPathComplexity="0" sequenceCoverage="0" branchCoverage="0" crapScore="2" isConstructor="false" isStatic="false" isGetter="false" isSetter="false">
              <Summary numSequencePoints="12" visitedSequencePoints="0" numBranchPoints="1" visitedBranchPoints="0" sequenceCoverage="0" branchCoverage="0" maxCyclomaticComplexity="1" minCyclomaticComplexity="1" maxCrapScore="2" minCrapScore="2" visitedClasses="0" numClasses="0" visitedMethods="0" numMethods="1" />
              <MetadataToken>100663300</MetadataToken>
              <Name>System.Void ProjectManager.Test.ProjectControllerTest::TestDeleteProjects_Success()</Name>
              <FileRef uid="1" />
              <SequencePoints>
                <SequencePoint vc="0" uspid="38" ordinal="0" offset="0" sl="140" sc="9" el="140" ec="10" bec="0" bev="0" fileid="1" />
                <SequencePoint vc="0" uspid="39" ordinal="1" offset="1" sl="141" sc="13" el="141" ec="60" bec="0" bev="0" fileid="1" />
                <SequencePoint vc="0" uspid="40" ordinal="2" offset="7" sl="142" sc="13" el="142" ec="57" bec="0" bev="0" fileid="1" />
                <SequencePoint vc="0" uspid="41" ordinal="3" offset="13" sl="143" sc="13" el="150" ec="16" bec="0" bev="0" fileid="1" />
                <SequencePoint vc="0" uspid="42" ordinal="4" offset="111" sl="151" sc="13" el="158" ec="16" bec="0" bev="0" fileid="1" />
                <SequencePoint vc="0" uspid="43" ordinal="5" offset="212" sl="159" sc="13" el="159" ec="41" bec="0" bev="0" fileid="1" />
                <SequencePoint vc="0" uspid="44" ordinal="6" offset="220" sl="160" sc="13" el="160" ec="79" bec="0" bev="0" fileid="1" />
                <SequencePoint vc="0" uspid="45" ordinal="7" offset="232" sl="162" sc="13" el="179" ec="15" bec="0" bev="0" fileid="1" />
                <SequencePoint vc="0" uspid="46" ordinal="8" offset="415" sl="181" sc="13" el="181" ec="95" bec="0" bev="0" fileid="1" />
                <SequencePoint vc="0" uspid="47" ordinal="9" offset="424" sl="182" sc="13" el="182" ec="38" bec="0" bev="0" fileid="1" />
                <SequencePoint vc="0" uspid="48" ordinal="10" offset="432" sl="183" sc="13" el="183" ec="62" bec="0" bev="0" fileid="1" />
                <SequencePoint vc="0" uspid="49" ordinal="11" offset="455" sl="184" sc="9" el="184" ec="10" bec="0" bev="0" fileid="1" />
              </SequencePoints>
              <BranchPoints />
              <MethodPoint xsi:type="SequencePoint" vc="0" uspid="38" ordinal="0" offset="0" sl="140" sc="9" el="140" ec="10" bec="0" bev="0" fileid="1" />
            </Method>
            <Method visited="false" cyclomaticComplexity="1" nPathComplexity="0" sequenceCoverage="0" branchCoverage="0" crapScore="2" isConstructor="false" isStatic="false" isGetter="false" isSetter="false">
              <Summary numSequencePoints="9" visitedSequencePoints="0" numBranchPoints="1" visitedBranchPoints="0" sequenceCoverage="0" branchCoverage="0" maxCyclomaticComplexity="1" minCyclomaticComplexity="1" maxCrapScore="2" minCrapScore="2" visitedClasses="0" numClasses="0" visitedMethods="0" numMethods="1" />
              <MetadataToken>100663301</MetadataToken>
              <Name>System.Void ProjectManager.Test.ProjectControllerTest::TestInsertProject_NoProjectAsParameter()</Name>
              <FileRef uid="1" />
              <SequencePoints>
                <SequencePoint vc="0" uspid="50" ordinal="0" offset="0" sl="189" sc="9" el="189" ec="10" bec="0" bev="0" fileid="1" />
                <SequencePoint vc="0" uspid="51" ordinal="1" offset="1" sl="190" sc="13" el="190" ec="60" bec="0" bev="0" fileid="1" />
                <SequencePoint vc="0" uspid="52" ordinal="2" offset="7" sl="191" sc="13" el="191" ec="51" bec="0" bev="0" fileid="1" />
                <SequencePoint vc="0" uspid="53" ordinal="3" offset="13" sl="192" sc="13" el="199" ec="16" bec="0" bev="0" fileid="1" />
                <SequencePoint vc="0" uspid="54" ordinal="4" offset="84" sl="200" sc="13" el="200" ec="35" bec="0" bev="0" fileid="1" />
                <SequencePoint vc="0" uspid="55" ordinal="5" offset="92" sl="201" sc="13" el="201" ec="47" bec="0" bev="0" fileid="1" />
                <SequencePoint vc="0" uspid="56" ordinal="6" offset="94" sl="202" sc="13" el="202" ec="79" bec="0" bev="0" fileid="1" />
                <SequencePoint vc="0" uspid="57" ordinal="7" offset="106" sl="203" sc="13" el="203" ec="95" bec="0" bev="0" fileid="1" />
                <SequencePoint vc="0" uspid="58" ordinal="8" offset="115" sl="204" sc="9" el="204" ec="10" bec="0" bev="0" fileid="1" />
              </SequencePoints>
              <BranchPoints />
              <MethodPoint xsi:type="SequencePoint" vc="0" uspid="50" ordinal="0" offset="0" sl="189" sc="9" el="189" ec="10" bec="0" bev="0" fileid="1" />
            </Method>
            <Method visited="false" cyclomaticComplexity="1" nPathComplexity="0" sequenceCoverage="0" branchCoverage="0" crapScore="2" isConstructor="false" isStatic="false" isGetter="false" isSetter="false">
              <Summary numSequencePoints="9" visitedSequencePoints="0" numBranchPoints="1" visitedBranchPoints="0" sequenceCoverage="0" branchCoverage="0" maxCyclomaticComplexity="1" minCyclomaticComplexity="1" maxCrapScore="2" minCrapScore="2" visitedClasses="0" numClasses="0" visitedMethods="0" numMethods="1" />
              <MetadataToken>100663302</MetadataToken>
              <Name>System.Void ProjectManager.Test.ProjectControllerTest::TestInsertProject_NegativeProjectId()</Name>
              <FileRef uid="1" />
              <SequencePoints>
                <SequencePoint vc="0" uspid="59" ordinal="0" offset="0" sl="209" sc="9" el="209" ec="10" bec="0" bev="0" fileid="1" />
                <SequencePoint vc="0" uspid="60" ordinal="1" offset="1" sl="210" sc="13" el="210" ec="60" bec="0" bev="0" fileid="1" />
                <SequencePoint vc="0" uspid="61" ordinal="2" offset="7" sl="211" sc="13" el="211" ec="51" bec="0" bev="0" fileid="1" />
                <SequencePoint vc="0" uspid="62" ordinal="3" offset="13" sl="212" sc="13" el="219" ec="16" bec="0" bev="0" fileid="1" />
                <SequencePoint vc="0" uspid="63" ordinal="4" offset="84" sl="220" sc="13" el="220" ec="35" bec="0" bev="0" fileid="1" />
                <SequencePoint vc="0" uspid="64" ordinal="5" offset="92" sl="221" sc="13" el="238" ec="15" bec="0" bev="0" fileid="1" />
                <SequencePoint vc="0" uspid="65" ordinal="6" offset="278" sl="239" sc="13" el="239" ec="79" bec="0" bev="0" fileid="1" />
                <SequencePoint vc="0" uspid="66" ordinal="7" offset="290" sl="240" sc="13" el="240" ec="95" bec="0" bev="0" fileid="1" />
                <SequencePoint vc="0" uspid="67" ordinal="8" offset="299" sl="241" sc="9" el="241" ec="10" bec="0" bev="0" fileid="1" />
              </SequencePoints>
              <BranchPoints />
              <MethodPoint xsi:type="SequencePoint" vc="0" uspid="59" ordinal="0" offset="0" sl="209" sc="9" el="209" ec="10" bec="0" bev="0" fileid="1" />
            </Method>
            <Method visited="false" cyclomaticComplexity="1" nPathComplexity="0" sequenceCoverage="0" branchCoverage="0" crapScore="2" isConstructor="false" isStatic="false" isGetter="false" isSetter="false">
              <Summary numSequencePoints="9" visitedSequencePoints="0" numBranchPoints="1" visitedBranchPoints="0" sequenceCoverage="0" branchCoverage="0" maxCyclomaticComplexity="1" minCyclomaticComplexity="1" maxCrapScore="2" minCrapScore="2" visitedClasses="0" numClasses="0" visitedMethods="0" numMethods="1" />
              <MetadataToken>100663303</MetadataToken>
              <Name>System.Void ProjectManager.Test.ProjectControllerTest::TestInsertProject_UserNullInProject()</Name>
              <FileRef uid="1" />
              <SequencePoints>
                <SequencePoint vc="0" uspid="68" ordinal="0" offset="0" sl="246" sc="9" el="246" ec="10" bec="0" bev="0" fileid="1" />
                <SequencePoint vc="0" uspid="69" ordinal="1" offset="1" sl="247" sc="13" el="247" ec="60" bec="0" bev="0" fileid="1" />
                <SequencePoint vc="0" uspid="70" ordinal="2" offset="7" sl="248" sc="13" el="248" ec="51" bec="0" bev="0" fileid="1" />
                <SequencePoint vc="0" uspid="71" ordinal="3" offset="13" sl="249" sc="13" el="256" ec="16" bec="0" bev="0" fileid="1" />
                <SequencePoint vc="0" uspid="72" ordinal="4" offset="84" sl="257" sc="13" el="257" ec="35" bec="0" bev="0" fileid="1" />
                <SequencePoint vc="0" uspid="73" ordinal="5" offset="92" sl="258" sc="13" el="268" ec="15" bec="0" bev="0" fileid="1" />
                <SequencePoint vc="0" uspid="74" ordinal="6" offset="211" sl="269" sc="13" el="269" ec="79" bec="0" bev="0" fileid="1" />
                <SequencePoint vc="0" uspid="75" ordinal="7" offset="223" sl="270" sc="13" el="270" ec="95" bec="0" bev="0" fileid="1" />
                <SequencePoint vc="0" uspid="76" ordinal="8" offset="232" sl="271" sc="9" el="271" ec="10" bec="0" bev="0" fileid="1" />
              </SequencePoints>
              <BranchPoints />
              <MethodPoint xsi:type="SequencePoint" vc="0" uspid="68" ordinal="0" offset="0" sl="246" sc="9" el="246" ec="10" bec="0" bev="0" fileid="1" />
            </Method>
            <Method visited="false" cyclomaticComplexity="1" nPathComplexity="0" sequenceCoverage="0" branchCoverage="0" crapScore="2" isConstructor="false" isStatic="false" isGetter="false" isSetter="false">
              <Summary numSequencePoints="9" visitedSequencePoints="0" numBranchPoints="1" visitedBranchPoints="0" sequenceCoverage="0" branchCoverage="0" maxCyclomaticComplexity="1" minCyclomaticComplexity="1" maxCrapScore="2" minCrapScore="2" visitedClasses="0" numClasses="0" visitedMethods="0" numMethods="1" />
              <MetadataToken>100663304</MetadataToken>
              <Name>System.Void ProjectManager.Test.ProjectControllerTest::TestInsertProject_NegativeProjectIdInUser()</Name>
              <FileRef uid="1" />
              <SequencePoints>
                <SequencePoint vc="0" uspid="77" ordinal="0" offset="0" sl="276" sc="9" el="276" ec="10" bec="0" bev="0" fileid="1" />
                <SequencePoint vc="0" uspid="78" ordinal="1" offset="1" sl="277" sc="13" el="277" ec="60" bec="0" bev="0" fileid="1" />
                <SequencePoint vc="0" uspid="79" ordinal="2" offset="7" sl="278" sc="13" el="278" ec="51" bec="0" bev="0" fileid="1" />
                <SequencePoint vc="0" uspid="80" ordinal="3" offset="13" sl="279" sc="13" el="286" ec="16" bec="0" bev="0" fileid="1" />
                <SequencePoint vc="0" uspid="81" ordinal="4" offset="84" sl="287" sc="13" el="287" ec="35" bec="0" bev="0" fileid="1" />
                <SequencePoint vc="0" uspid="82" ordinal="5" offset="92" sl="288" sc="13" el="305" ec="15" bec="0" bev="0" fileid="1" />
                <SequencePoint vc="0" uspid="83" ordinal="6" offset="278" sl="306" sc="13" el="306" ec="79" bec="0" bev="0" fileid="1" />
                <SequencePoint vc="0" uspid="84" ordinal="7" offset="290" sl="307" sc="13" el="307" ec="95" bec="0" bev="0" fileid="1" />
                <SequencePoint vc="0" uspid="85" ordinal="8" offset="299" sl="308" sc="9" el="308" ec="10" bec="0" bev="0" fileid="1" />
              </SequencePoints>
              <BranchPoints />
              <MethodPoint xsi:type="SequencePoint" vc="0" uspid="77" ordinal="0" offset="0" sl="276" sc="9" el="276" ec="10" bec="0" bev="0" fileid="1" />
            </Method>
            <Method visited="false" cyclomaticComplexity="1" nPathComplexity="0" sequenceCoverage="0" branchCoverage="0" crapScore="2" isConstructor="false" isStatic="false" isGetter="false" isSetter="false">
              <Summary numSequencePoints="9" visitedSequencePoints="0" numBranchPoints="1" visitedBranchPoints="0" sequenceCoverage="0" branchCoverage="0" maxCyclomaticComplexity="1" minCyclomaticComplexity="1" maxCrapScore="2" minCrapScore="2" visitedClasses="0" numClasses="0" visitedMethods="0" numMethods="1" />
              <MetadataToken>100663305</MetadataToken>
              <Name>System.Void ProjectManager.Test.ProjectControllerTest::TestInsertProject_CompletedTasksGreater()</Name>
              <FileRef uid="1" />
              <SequencePoints>
                <SequencePoint vc="0" uspid="86" ordinal="0" offset="0" sl="313" sc="9" el="313" ec="10" bec="0" bev="0" fileid="1" />
                <SequencePoint vc="0" uspid="87" ordinal="1" offset="1" sl="314" sc="13" el="314" ec="60" bec="0" bev="0" fileid="1" />
                <SequencePoint vc="0" uspid="88" ordinal="2" offset="7" sl="315" sc="13" el="315" ec="51" bec="0" bev="0" fileid="1" />
                <SequencePoint vc="0" uspid="89" ordinal="3" offset="13" sl="316" sc="13" el="323" ec="16" bec="0" bev="0" fileid="1" />
                <SequencePoint vc="0" uspid="90" ordinal="4" offset="84" sl="324" sc="13" el="324" ec="35" bec="0" bev="0" fileid="1" />
                <SequencePoint vc="0" uspid="91" ordinal="5" offset="92" sl="325" sc="13" el="342" ec="15" bec="0" bev="0" fileid="1" />
                <SequencePoint vc="0" uspid="92" ordinal="6" offset="279" sl="343" sc="13" el="343" ec="79" bec="0" bev="0" fileid="1" />
                <SequencePoint vc="0" uspid="93" ordinal="7" offset="291" sl="344" sc="13" el="344" ec="95" bec="0" bev="0" fileid="1" />
                <SequencePoint vc="0" uspid="94" ordinal="8" offset="300" sl="345" sc="9" el="345" ec="10" bec="0" bev="0" fileid="1" />
              </SequencePoints>
              <BranchPoints />
              <MethodPoint xsi:type="SequencePoint" vc="0" uspid="86" ordinal="0" offset="0" sl="313" sc="9" el="313" ec="10" bec="0" bev="0" fileid="1" />
            </Method>
            <Method visited="false" cyclomaticComplexity="1" nPathComplexity="0" sequenceCoverage="0" branchCoverage="0" crapScore="2" isConstructor="false" isStatic="false" isGetter="false" isSetter="false">
              <Summary numSequencePoints="9" visitedSequencePoints="0" numBranchPoints="1" visitedBranchPoints="0" sequenceCoverage="0" branchCoverage="0" maxCyclomaticComplexity="1" minCyclomaticComplexity="1" maxCrapScore="2" minCrapScore="2" visitedClasses="0" numClasses="0" visitedMethods="0" numMethods="1" />
              <MetadataToken>100663306</MetadataToken>
              <Name>System.Void ProjectManager.Test.ProjectControllerTest::TestUpdateProject_NoProjectAsParameter()</Name>
              <FileRef uid="1" />
              <SequencePoints>
                <SequencePoint vc="0" uspid="95" ordinal="0" offset="0" sl="350" sc="9" el="350" ec="10" bec="0" bev="0" fileid="1" />
                <SequencePoint vc="0" uspid="96" ordinal="1" offset="1" sl="351" sc="13" el="351" ec="60" bec="0" bev="0" fileid="1" />
                <SequencePoint vc="0" uspid="97" ordinal="2" offset="7" sl="352" sc="13" el="352" ec="51" bec="0" bev="0" fileid="1" />
                <SequencePoint vc="0" uspid="98" ordinal="3" offset="13" sl="353" sc="13" el="360" ec="16" bec="0" bev="0" fileid="1" />
                <SequencePoint vc="0" uspid="99" ordinal="4" offset="84" sl="361" sc="13" el="361" ec="35" bec="0" bev="0" fileid="1" />
                <SequencePoint vc="0" uspid="100" ordinal="5" offset="92" sl="362" sc="13" el="362" ec="47" bec="0" bev="0" fileid="1" />
                <SequencePoint vc="0" uspid="101" ordinal="6" offset="94" sl="363" sc="13" el="363" ec="79" bec="0" bev="0" fileid="1" />
                <SequencePoint vc="0" uspid="102" ordinal="7" offset="106" sl="364" sc="13" el="364" ec="95" bec="0" bev="0" fileid="1" />
                <SequencePoint vc="0" uspid="103" ordinal="8" offset="115" sl="365" sc="9" el="365" ec="10" bec="0" bev="0" fileid="1" />
              </SequencePoints>
              <BranchPoints />
              <MethodPoint xsi:type="SequencePoint" vc="0" uspid="95" ordinal="0" offset="0" sl="350" sc="9" el="350" ec="10" bec="0" bev="0" fileid="1" />
            </Method>
            <Method visited="false" cyclomaticComplexity="1" nPathComplexity="0" sequenceCoverage="0" branchCoverage="0" crapScore="2" isConstructor="false" isStatic="false" isGetter="false" isSetter="false">
              <Summary numSequencePoints="9" visitedSequencePoints="0" numBranchPoints="1" visitedBranchPoints="0" sequenceCoverage="0" branchCoverage="0" maxCyclomaticComplexity="1" minCyclomaticComplexity="1" maxCrapScore="2" minCrapScore="2" visitedClasses="0" numClasses="0" visitedMethods="0" numMethods="1" />
              <MetadataToken>100663307</MetadataToken>
              <Name>System.Void ProjectManager.Test.ProjectControllerTest::TestUpdateProject_NegativeProjectId()</Name>
              <FileRef uid="1" />
              <SequencePoints>
                <SequencePoint vc="0" uspid="104" ordinal="0" offset="0" sl="370" sc="9" el="370" ec="10" bec="0" bev="0" fileid="1" />
                <SequencePoint vc="0" uspid="105" ordinal="1" offset="1" sl="371" sc="13" el="371" ec="60" bec="0" bev="0" fileid="1" />
                <SequencePoint vc="0" uspid="106" ordinal="2" offset="7" sl="372" sc="13" el="372" ec="51" bec="0" bev="0" fileid="1" />
                <SequencePoint vc="0" uspid="107" ordinal="3" offset="13" sl="373" sc="13" el="380" ec="16" bec="0" bev="0" fileid="1" />
                <SequencePoint vc="0" uspid="108" ordinal="4" offset="84" sl="381" sc="13" el="381" ec="35" bec="0" bev="0" fileid="1" />
                <SequencePoint vc="0" uspid="109" ordinal="5" offset="92" sl="382" sc="13" el="399" ec="15" bec="0" bev="0" fileid="1" />
                <SequencePoint vc="0" uspid="110" ordinal="6" offset="278" sl="400" sc="13" el="400" ec="79" bec="0" bev="0" fileid="1" />
                <SequencePoint vc="0" uspid="111" ordinal="7" offset="290" sl="401" sc="13" el="401" ec="95" bec="0" bev="0" fileid="1" />
                <SequencePoint vc="0" uspid="112" ordinal="8" offset="299" sl="402" sc="9" el="402" ec="10" bec="0" bev="0" fileid="1" />
              </SequencePoints>
              <BranchPoints />
              <MethodPoint xsi:type="SequencePoint" vc="0" uspid="104" ordinal="0" offset="0" sl="370" sc="9" el="370" ec="10" bec="0" bev="0" fileid="1" />
            </Method>
            <Method visited="false" cyclomaticComplexity="1" nPathComplexity="0" sequenceCoverage="0" branchCoverage="0" crapScore="2" isConstructor="false" isStatic="false" isGetter="false" isSetter="false">
              <Summary numSequencePoints="9" visitedSequencePoints="0" numBranchPoints="1" visitedBranchPoints="0" sequenceCoverage="0" branchCoverage="0" maxCyclomaticComplexity="1" minCyclomaticComplexity="1" maxCrapScore="2" minCrapScore="2" visitedClasses="0" numClasses="0" visitedMethods="0" numMethods="1" />
              <MetadataToken>100663308</MetadataToken>
              <Name>System.Void ProjectManager.Test.ProjectControllerTest::TestUpdateProject_UserNullInProject()</Name>
              <FileRef uid="1" />
              <SequencePoints>
                <SequencePoint vc="0" uspid="113" ordinal="0" offset="0" sl="407" sc="9" el="407" ec="10" bec="0" bev="0" fileid="1" />
                <SequencePoint vc="0" uspid="114" ordinal="1" offset="1" sl="408" sc="13" el="408" ec="60" bec="0" bev="0" fileid="1" />
                <SequencePoint vc="0" uspid="115" ordinal="2" offset="7" sl="409" sc="13" el="409" ec="51" bec="0" bev="0" fileid="1" />
                <SequencePoint vc="0" uspid="116" ordinal="3" offset="13" sl="410" sc="13" el="417" ec="16" bec="0" bev="0" fileid="1" />
                <SequencePoint vc="0" uspid="117" ordinal="4" offset="84" sl="418" sc="13" el="418" ec="35" bec="0" bev="0" fileid="1" />
                <SequencePoint vc="0" uspid="118" ordinal="5" offset="92" sl="419" sc="13" el="429" ec="15" bec="0" bev="0" fileid="1" />
                <SequencePoint vc="0" uspid="119" ordinal="6" offset="211" sl="430" sc="13" el="430" ec="79" bec="0" bev="0" fileid="1" />
                <SequencePoint vc="0" uspid="120" ordinal="7" offset="223" sl="431" sc="13" el="431" ec="95" bec="0" bev="0" fileid="1" />
                <SequencePoint vc="0" uspid="121" ordinal="8" offset="232" sl="432" sc="9" el="432" ec="10" bec="0" bev="0" fileid="1" />
              </SequencePoints>
              <BranchPoints />
              <MethodPoint xsi:type="SequencePoint" vc="0" uspid="113" ordinal="0" offset="0" sl="407" sc="9" el="407" ec="10" bec="0" bev="0" fileid="1" />
            </Method>
            <Method visited="false" cyclomaticComplexity="1" nPathComplexity="0" sequenceCoverage="0" branchCoverage="0" crapScore="2" isConstructor="false" isStatic="false" isGetter="false" isSetter="false">
              <Summary numSequencePoints="9" visitedSequencePoints="0" numBranchPoints="1" visitedBranchPoints="0" sequenceCoverage="0" branchCoverage="0" maxCyclomaticComplexity="1" minCyclomaticComplexity="1" maxCrapScore="2" minCrapScore="2" visitedClasses="0" numClasses="0" visitedMethods="0" numMethods="1" />
              <MetadataToken>100663309</MetadataToken>
              <Name>System.Void ProjectManager.Test.ProjectControllerTest::TestUpdateProject_NegativeProjectIdInUser()</Name>
              <FileRef uid="1" />
              <SequencePoints>
                <SequencePoint vc="0" uspid="122" ordinal="0" offset="0" sl="437" sc="9" el="437" ec="10" bec="0" bev="0" fileid="1" />
                <SequencePoint vc="0" uspid="123" ordinal="1" offset="1" sl="438" sc="13" el="438" ec="60" bec="0" bev="0" fileid="1" />
                <SequencePoint vc="0" uspid="124" ordinal="2" offset="7" sl="439" sc="13" el="439" ec="51" bec="0" bev="0" fileid="1" />
                <SequencePoint vc="0" uspid="125" ordinal="3" offset="13" sl="440" sc="13" el="447" ec="16" bec="0" bev="0" fileid="1" />
                <SequencePoint vc="0" uspid="126" ordinal="4" offset="84" sl="448" sc="13" el="448" ec="35" bec="0" bev="0" fileid="1" />
                <SequencePoint vc="0" uspid="127" ordinal="5" offset="92" sl="449" sc="13" el="466" ec="15" bec="0" bev="0" fileid="1" />
                <SequencePoint vc="0" uspid="128" ordinal="6" offset="278" sl="467" sc="13" el="467" ec="79" bec="0" bev="0" fileid="1" />
                <SequencePoint vc="0" uspid="129" ordinal="7" offset="290" sl="468" sc="13" el="468" ec="95" bec="0" bev="0" fileid="1" />
                <SequencePoint vc="0" uspid="130" ordinal="8" offset="299" sl="469" sc="9" el="469" ec="10" bec="0" bev="0" fileid="1" />
              </SequencePoints>
              <BranchPoints />
              <MethodPoint xsi:type="SequencePoint" vc="0" uspid="122" ordinal="0" offset="0" sl="437" sc="9" el="437" ec="10" bec="0" bev="0" fileid="1" />
            </Method>
            <Method visited="false" cyclomaticComplexity="1" nPathComplexity="0" sequenceCoverage="0" branchCoverage="0" crapScore="2" isConstructor="false" isStatic="false" isGetter="false" isSetter="false">
              <Summary numSequencePoints="9" visitedSequencePoints="0" numBranchPoints="1" visitedBranchPoints="0" sequenceCoverage="0" branchCoverage="0" maxCyclomaticComplexity="1" minCyclomaticComplexity="1" maxCrapScore="2" minCrapScore="2" visitedClasses="0" numClasses="0" visitedMethods="0" numMethods="1" />
              <MetadataToken>100663310</MetadataToken>
              <Name>System.Void ProjectManager.Test.ProjectControllerTest::TestUpdateProject_CompletedTasksGreater()</Name>
              <FileRef uid="1" />
              <SequencePoints>
                <SequencePoint vc="0" uspid="131" ordinal="0" offset="0" sl="474" sc="9" el="474" ec="10" bec="0" bev="0" fileid="1" />
                <SequencePoint vc="0" uspid="132" ordinal="1" offset="1" sl="475" sc="13" el="475" ec="60" bec="0" bev="0" fileid="1" />
                <SequencePoint vc="0" uspid="133" ordinal="2" offset="7" sl="476" sc="13" el="476" ec="51" bec="0" bev="0" fileid="1" />
                <SequencePoint vc="0" uspid="134" ordinal="3" offset="13" sl="477" sc="13" el="484" ec="16" bec="0" bev="0" fileid="1" />
                <SequencePoint vc="0" uspid="135" ordinal="4" offset="84" sl="485" sc="13" el="485" ec="35" bec="0" bev="0" fileid="1" />
                <SequencePoint vc="0" uspid="136" ordinal="5" offset="92" sl="486" sc="13" el="503" ec="15" bec="0" bev="0" fileid="1" />
                <SequencePoint vc="0" uspid="137" ordinal="6" offset="279" sl="504" sc="13" el="504" ec="79" bec="0" bev="0" fileid="1" />
                <SequencePoint vc="0" uspid="138" ordinal="7" offset="291" sl="505" sc="13" el="505" ec="95" bec="0" bev="0" fileid="1" />
                <SequencePoint vc="0" uspid="139" ordinal="8" offset="300" sl="506" sc="9" el="506" ec="10" bec="0" bev="0" fileid="1" />
              </SequencePoints>
              <BranchPoints />
              <MethodPoint xsi:type="SequencePoint" vc="0" uspid="131" ordinal="0" offset="0" sl="474" sc="9" el="474" ec="10" bec="0" bev="0" fileid="1" />
            </Method>
            <Method visited="false" cyclomaticComplexity="1" nPathComplexity="0" sequenceCoverage="0" branchCoverage="0" crapScore="2" isConstructor="false" isStatic="false" isGetter="false" isSetter="false">
              <Summary numSequencePoints="9" visitedSequencePoints="0" numBranchPoints="1" visitedBranchPoints="0" sequenceCoverage="0" branchCoverage="0" maxCyclomaticComplexity="1" minCyclomaticComplexity="1" maxCrapScore="2" minCrapScore="2" visitedClasses="0" numClasses="0" visitedMethods="0" numMethods="1" />
              <MetadataToken>100663311</MetadataToken>
              <Name>System.Void ProjectManager.Test.ProjectControllerTest::TestDeleteProject_NoProjectAsParameter()</Name>
              <FileRef uid="1" />
              <SequencePoints>
                <SequencePoint vc="0" uspid="140" ordinal="0" offset="0" sl="511" sc="9" el="511" ec="10" bec="0" bev="0" fileid="1" />
                <SequencePoint vc="0" uspid="141" ordinal="1" offset="1" sl="512" sc="13" el="512" ec="60" bec="0" bev="0" fileid="1" />
                <SequencePoint vc="0" uspid="142" ordinal="2" offset="7" sl="513" sc="13" el="513" ec="51" bec="0" bev="0" fileid="1" />
                <SequencePoint vc="0" uspid="143" ordinal="3" offset="13" sl="514" sc="13" el="521" ec="16" bec="0" bev="0" fileid="1" />
                <SequencePoint vc="0" uspid="144" ordinal="4" offset="84" sl="522" sc="13" el="522" ec="35" bec="0" bev="0" fileid="1" />
                <SequencePoint vc="0" uspid="145" ordinal="5" offset="92" sl="523" sc="13" el="523" ec="47" bec="0" bev="0" fileid="1" />
                <SequencePoint vc="0" uspid="146" ordinal="6" offset="94" sl="524" sc="13" el="524" ec="79" bec="0" bev="0" fileid="1" />
                <SequencePoint vc="0" uspid="147" ordinal="7" offset="106" sl="525" sc="13" el="525" ec="95" bec="0" bev="0" fileid="1" />
                <SequencePoint vc="0" uspid="148" ordinal="8" offset="115" sl="526" sc="9" el="526" ec="10" bec="0" bev="0" fileid="1" />
              </SequencePoints>
              <BranchPoints />
              <MethodPoint xsi:type="SequencePoint" vc="0" uspid="140" ordinal="0" offset="0" sl="511" sc="9" el="511" ec="10" bec="0" bev="0" fileid="1" />
            </Method>
            <Method visited="false" cyclomaticComplexity="1" nPathComplexity="0" sequenceCoverage="0" branchCoverage="0" crapScore="2" isConstructor="false" isStatic="false" isGetter="false" isSetter="false">
              <Summary numSequencePoints="9" visitedSequencePoints="0" numBranchPoints="1" visitedBranchPoints="0" sequenceCoverage="0" branchCoverage="0" maxCyclomaticComplexity="1" minCyclomaticComplexity="1" maxCrapScore="2" minCrapScore="2" visitedClasses="0" numClasses="0" visitedMethods="0" numMethods="1" />
              <MetadataToken>100663312</MetadataToken>
              <Name>System.Void ProjectManager.Test.ProjectControllerTest::TestDeleteProject_NegativeProjectId()</Name>
              <FileRef uid="1" />
              <SequencePoints>
                <SequencePoint vc="0" uspid="149" ordinal="0" offset="0" sl="531" sc="9" el="531" ec="10" bec="0" bev="0" fileid="1" />
                <SequencePoint vc="0" uspid="150" ordinal="1" offset="1" sl="532" sc="13" el="532" ec="60" bec="0" bev="0" fileid="1" />
                <SequencePoint vc="0" uspid="151" ordinal="2" offset="7" sl="533" sc="13" el="533" ec="51" bec="0" bev="0" fileid="1" />
                <SequencePoint vc="0" uspid="152" ordinal="3" offset="13" sl="534" sc="13" el="541" ec="16" bec="0" bev="0" fileid="1" />
                <SequencePoint vc="0" uspid="153" ordinal="4" offset="84" sl="542" sc="13" el="542" ec="35" bec="0" bev="0" fileid="1" />
                <SequencePoint vc="0" uspid="154" ordinal="5" offset="92" sl="543" sc="13" el="560" ec="15" bec="0" bev="0" fileid="1" />
                <SequencePoint vc="0" uspid="155" ordinal="6" offset="278" sl="561" sc="13" el="561" ec="79" bec="0" bev="0" fileid="1" />
                <SequencePoint vc="0" uspid="156" ordinal="7" offset="290" sl="562" sc="13" el="562" ec="95" bec="0" bev="0" fileid="1" />
                <SequencePoint vc="0" uspid="157" ordinal="8" offset="299" sl="563" sc="9" el="563" ec="10" bec="0" bev="0" fileid="1" />
              </SequencePoints>
              <BranchPoints />
              <MethodPoint xsi:type="SequencePoint" vc="0" uspid="149" ordinal="0" offset="0" sl="531" sc="9" el="531" ec="10" bec="0" bev="0" fileid="1" />
            </Method>
            <Method visited="false" cyclomaticComplexity="1" nPathComplexity="0" sequenceCoverage="0" branchCoverage="0" crapScore="2" isConstructor="false" isStatic="false" isGetter="false" isSetter="false">
              <Summary numSequencePoints="9" visitedSequencePoints="0" numBranchPoints="1" visitedBranchPoints="0" sequenceCoverage="0" branchCoverage="0" maxCyclomaticComplexity="1" minCyclomaticComplexity="1" maxCrapScore="2" minCrapScore="2" visitedClasses="0" numClasses="0" visitedMethods="0" numMethods="1" />
              <MetadataToken>100663313</MetadataToken>
              <Name>System.Void ProjectManager.Test.ProjectControllerTest::TestDeleteProject_UserNullInProject()</Name>
              <FileRef uid="1" />
              <SequencePoints>
                <SequencePoint vc="0" uspid="158" ordinal="0" offset="0" sl="568" sc="9" el="568" ec="10" bec="0" bev="0" fileid="1" />
                <SequencePoint vc="0" uspid="159" ordinal="1" offset="1" sl="569" sc="13" el="569" ec="60" bec="0" bev="0" fileid="1" />
                <SequencePoint vc="0" uspid="160" ordinal="2" offset="7" sl="570" sc="13" el="570" ec="51" bec="0" bev="0" fileid="1" />
                <SequencePoint vc="0" uspid="161" ordinal="3" offset="13" sl="571" sc="13" el="578" ec="16" bec="0" bev="0" fileid="1" />
                <SequencePoint vc="0" uspid="162" ordinal="4" offset="84" sl="579" sc="13" el="579" ec="35" bec="0" bev="0" fileid="1" />
                <SequencePoint vc="0" uspid="163" ordinal="5" offset="92" sl="580" sc="13" el="590" ec="15" bec="0" bev="0" fileid="1" />
                <SequencePoint vc="0" uspid="164" ordinal="6" offset="211" sl="591" sc="13" el="591" ec="79" bec="0" bev="0" fileid="1" />
                <SequencePoint vc="0" uspid="165" ordinal="7" offset="223" sl="592" sc="13" el="592" ec="95" bec="0" bev="0" fileid="1" />
                <SequencePoint vc="0" uspid="166" ordinal="8" offset="232" sl="593" sc="9" el="593" ec="10" bec="0" bev="0" fileid="1" />
              </SequencePoints>
              <BranchPoints />
              <MethodPoint xsi:type="SequencePoint" vc="0" uspid="158" ordinal="0" offset="0" sl="568" sc="9" el="568" ec="10" bec="0" bev="0" fileid="1" />
            </Method>
            <Method visited="false" cyclomaticComplexity="1" nPathComplexity="0" sequenceCoverage="0" branchCoverage="0" crapScore="2" isConstructor="false" isStatic="false" isGetter="false" isSetter="false">
              <Summary numSequencePoints="9" visitedSequencePoints="0" numBranchPoints="1" visitedBranchPoints="0" sequenceCoverage="0" branchCoverage="0" maxCyclomaticComplexity="1" minCyclomaticComplexity="1" maxCrapScore="2" minCrapScore="2" visitedClasses="0" numClasses="0" visitedMethods="0" numMethods="1" />
              <MetadataToken>100663314</MetadataToken>
              <Name>System.Void ProjectManager.Test.ProjectControllerTest::TestDeleteProject_NegativeProjectIdInUser()</Name>
              <FileRef uid="1" />
              <SequencePoints>
                <SequencePoint vc="0" uspid="167" ordinal="0" offset="0" sl="598" sc="9" el="598" ec="10" bec="0" bev="0" fileid="1" />
                <SequencePoint vc="0" uspid="168" ordinal="1" offset="1" sl="599" sc="13" el="599" ec="60" bec="0" bev="0" fileid="1" />
                <SequencePoint vc="0" uspid="169" ordinal="2" offset="7" sl="600" sc="13" el="600" ec="51" bec="0" bev="0" fileid="1" />
                <SequencePoint vc="0" uspid="170" ordinal="3" offset="13" sl="601" sc="13" el="608" ec="16" bec="0" bev="0" fileid="1" />
                <SequencePoint vc="0" uspid="171" ordinal="4" offset="84" sl="609" sc="13" el="609" ec="35" bec="0" bev="0" fileid="1" />
                <SequencePoint vc="0" uspid="172" ordinal="5" offset="92" sl="610" sc="13" el="627" ec="15" bec="0" bev="0" fileid="1" />
                <SequencePoint vc="0" uspid="173" ordinal="6" offset="278" sl="628" sc="13" el="628" ec="79" bec="0" bev="0" fileid="1" />
                <SequencePoint vc="0" uspid="174" ordinal="7" offset="290" sl="629" sc="13" el="629" ec="95" bec="0" bev="0" fileid="1" />
                <SequencePoint vc="0" uspid="175" ordinal="8" offset="299" sl="630" sc="9" el="630" ec="10" bec="0" bev="0" fileid="1" />
              </SequencePoints>
              <BranchPoints />
              <MethodPoint xsi:type="SequencePoint" vc="0" uspid="167" ordinal="0" offset="0" sl="598" sc="9" el="598" ec="10" bec="0" bev="0" fileid="1" />
            </Method>
            <Method visited="false" cyclomaticComplexity="1" nPathComplexity="0" sequenceCoverage="0" branchCoverage="0" crapScore="2" isConstructor="false" isStatic="false" isGetter="false" isSetter="false">
              <Summary numSequencePoints="9" visitedSequencePoints="0" numBranchPoints="1" visitedBranchPoints="0" sequenceCoverage="0" branchCoverage="0" maxCyclomaticComplexity="1" minCyclomaticComplexity="1" maxCrapScore="2" minCrapScore="2" visitedClasses="0" numClasses="0" visitedMethods="0" numMethods="1" />
              <MetadataToken>100663315</MetadataToken>
              <Name>System.Void ProjectManager.Test.ProjectControllerTest::TestDeleteProject_CompletedTasksGreater()</Name>
              <FileRef uid="1" />
              <SequencePoints>
                <SequencePoint vc="0" uspid="176" ordinal="0" offset="0" sl="635" sc="9" el="635" ec="10" bec="0" bev="0" fileid="1" />
                <SequencePoint vc="0" uspid="177" ordinal="1" offset="1" sl="636" sc="13" el="636" ec="60" bec="0" bev="0" fileid="1" />
                <SequencePoint vc="0" uspid="178" ordinal="2" offset="7" sl="637" sc="13" el="637" ec="51" bec="0" bev="0" fileid="1" />
                <SequencePoint vc="0" uspid="179" ordinal="3" offset="13" sl="638" sc="13" el="645" ec="16" bec="0" bev="0" fileid="1" />
                <SequencePoint vc="0" uspid="180" ordinal="4" offset="84" sl="646" sc="13" el="646" ec="35" bec="0" bev="0" fileid="1" />
                <SequencePoint vc="0" uspid="181" ordinal="5" offset="92" sl="647" sc="13" el="664" ec="15" bec="0" bev="0" fileid="1" />
                <SequencePoint vc="0" uspid="182" ordinal="6" offset="279" sl="665" sc="13" el="665" ec="79" bec="0" bev="0" fileid="1" />
                <SequencePoint vc="0" uspid="183" ordinal="7" offset="291" sl="666" sc="13" el="666" ec="95" bec="0" bev="0" fileid="1" />
                <SequencePoint vc="0" uspid="184" ordinal="8" offset="300" sl="667" sc="9" el="667" ec="10" bec="0" bev="0" fileid="1" />
              </SequencePoints>
              <BranchPoints />
              <MethodPoint xsi:type="SequencePoint" vc="0" uspid="176" ordinal="0" offset="0" sl="635" sc="9" el="635" ec="10" bec="0" bev="0" fileid="1" />
            </Method>
            <Method visited="false" cyclomaticComplexity="1" nPathComplexity="0" sequenceCoverage="0" branchCoverage="0" crapScore="2" isConstructor="true" isStatic="false" isGetter="false" isSetter="false">
              <Summary numSequencePoints="0" visitedSequencePoints="0" numBranchPoints="0" visitedBranchPoints="0" sequenceCoverage="0" branchCoverage="0" maxCyclomaticComplexity="1" minCyclomaticComplexity="1" maxCrapScore="2" minCrapScore="2" visitedClasses="0" numClasses="0" visitedMethods="0" numMethods="0" />
              <MetadataToken>100663316</MetadataToken>
              <Name>System.Void ProjectManager.Test.ProjectControllerTest::.ctor()</Name>
              <SequencePoints />
              <BranchPoints />
              <MethodPoint vc="0" uspid="185" ordinal="0" offset="0" />
            </Method>
          </Methods>
        </Class>
        <Class>
          <Summary numSequencePoints="160" visitedSequencePoints="0" numBranchPoints="18" visitedBranchPoints="0" sequenceCoverage="0" branchCoverage="0" maxCyclomaticComplexity="1" minCyclomaticComplexity="1" maxCrapScore="2" minCrapScore="2" visitedClasses="0" numClasses="1" visitedMethods="0" numMethods="18" />
          <FullName>ProjectManager.Test.TaskControllerTest</FullName>
          <Methods>
            <Method visited="false" cyclomaticComplexity="1" nPathComplexity="0" sequenceCoverage="0" branchCoverage="0" crapScore="2" isConstructor="false" isStatic="false" isGetter="false" isSetter="false">
              <Summary numSequencePoints="17" visitedSequencePoints="0" numBranchPoints="1" visitedBranchPoints="0" sequenceCoverage="0" branchCoverage="0" maxCyclomaticComplexity="1" minCyclomaticComplexity="1" maxCrapScore="2" minCrapScore="2" visitedClasses="0" numClasses="0" visitedMethods="0" numMethods="1" />
              <MetadataToken>100663317</MetadataToken>
              <Name>System.Void ProjectManager.Test.TaskControllerTest::TestRetrieveTasks_Success()</Name>
              <FileRef uid="2" />
              <SequencePoints>
                <SequencePoint vc="0" uspid="186" ordinal="0" offset="0" sl="19" sc="9" el="19" ec="10" bec="0" bev="0" fileid="2" />
                <SequencePoint vc="0" uspid="187" ordinal="1" offset="1" sl="20" sc="13" el="20" ec="60" bec="0" bev="0" fileid="2" />
                <SequencePoint vc="0" uspid="188" ordinal="2" offset="7" sl="21" sc="13" el="21" ec="51" bec="0" bev="0" fileid="2" />
                <SequencePoint vc="0" uspid="189" ordinal="3" offset="13" sl="22" sc="13" el="22" ec="51" bec="0" bev="0" fileid="2" />
                <SequencePoint vc="0" uspid="190" ordinal="4" offset="19" sl="23" sc="13" el="23" ec="63" bec="0" bev="0" fileid="2" />
                <SequencePoint vc="0" uspid="191" ordinal="5" offset="25" sl="25" sc="13" el="30" ec="16" bec="0" bev="0" fileid="2" />
                <SequencePoint vc="0" uspid="192" ordinal="6" offset="61" sl="31" sc="13" el="31" ec="47" bec="0" bev="0" fileid="2" />
                <SequencePoint vc="0" uspid="193" ordinal="7" offset="69" sl="32" sc="13" el="39" ec="16" bec="0" bev="0" fileid="2" />
                <SequencePoint vc="0" uspid="194" ordinal="8" offset="139" sl="40" sc="13" el="40" ec="35" bec="0" bev="0" fileid="2" />
                <SequencePoint vc="0" uspid="195" ordinal="9" offset="147" sl="41" sc="13" el="41" ec="34" bec="0" bev="0" fileid="2" />
                <SequencePoint vc="0" uspid="196" ordinal="10" offset="154" sl="42" sc="13" el="53" ec="16" bec="0" bev="0" fileid="2" />
                <SequencePoint vc="0" uspid="197" ordinal="11" offset="294" sl="54" sc="13" el="54" ec="35" bec="0" bev="0" fileid="2" />
                <SequencePoint vc="0" uspid="198" ordinal="12" offset="302" sl="55" sc="13" el="55" ec="73" bec="0" bev="0" fileid="2" />
                <SequencePoint vc="0" uspid="199" ordinal="13" offset="315" sl="56" sc="13" el="56" ec="96" bec="0" bev="0" fileid="2" />
                <SequencePoint vc="0" uspid="200" ordinal="14" offset="326" sl="58" sc="13" el="58" ec="38" bec="0" bev="0" fileid="2" />
                <SequencePoint vc="0" uspid="201" ordinal="15" offset="334" sl="59" sc="13" el="59" ec="77" bec="0" bev="0" fileid="2" />
                <SequencePoint vc="0" uspid="202" ordinal="16" offset="357" sl="60" sc="9" el="60" ec="10" bec="0" bev="0" fileid="2" />
              </SequencePoints>
              <BranchPoints />
              <MethodPoint xsi:type="SequencePoint" vc="0" uspid="186" ordinal="0" offset="0" sl="19" sc="9" el="19" ec="10" bec="0" bev="0" fileid="2" />
            </Method>
            <Method visited="false" cyclomaticComplexity="1" nPathComplexity="0" sequenceCoverage="0" branchCoverage="0" crapScore="2" isConstructor="false" isStatic="false" isGetter="false" isSetter="false">
              <Summary numSequencePoints="12" visitedSequencePoints="0" numBranchPoints="1" visitedBranchPoints="0" sequenceCoverage="0" branchCoverage="0" maxCyclomaticComplexity="1" minCyclomaticComplexity="1" maxCrapScore="2" minCrapScore="2" visitedClasses="0" numClasses="0" visitedMethods="0" numMethods="1" />
              <MetadataToken>100663318</MetadataToken>
              <Name>System.Void ProjectManager.Test.TaskControllerTest::TestRetrieveParentTasks_Success()</Name>
              <FileRef uid="2" />
              <SequencePoints>
                <SequencePoint vc="0" uspid="203" ordinal="0" offset="0" sl="64" sc="9" el="64" ec="10" bec="0" bev="0" fileid="2" />
                <SequencePoint vc="0" uspid="204" ordinal="1" offset="1" sl="65" sc="13" el="65" ec="60" bec="0" bev="0" fileid="2" />
                <SequencePoint vc="0" uspid="205" ordinal="2" offset="7" sl="66" sc="13" el="66" ec="63" bec="0" bev="0" fileid="2" />
                <SequencePoint vc="0" uspid="206" ordinal="3" offset="13" sl="67" sc="13" el="72" ec="16" bec="0" bev="0" fileid="2" />
                <SequencePoint vc="0" uspid="207" ordinal="4" offset="49" sl="73" sc="13" el="78" ec="16" bec="0" bev="0" fileid="2" />
                <SequencePoint vc="0" uspid="208" ordinal="5" offset="85" sl="79" sc="13" el="79" ec="47" bec="0" bev="0" fileid="2" />
                <SequencePoint vc="0" uspid="209" ordinal="6" offset="93" sl="81" sc="13" el="81" ec="73" bec="0" bev="0" fileid="2" />
                <SequencePoint vc="0" uspid="210" ordinal="7" offset="105" sl="82" sc="13" el="82" ec="83" bec="0" bev="0" fileid="2" />
                <SequencePoint vc="0" uspid="211" ordinal="8" offset="112" sl="84" sc="13" el="84" ec="38" bec="0" bev="0" fileid="2" />
                <SequencePoint vc="0" uspid="212" ordinal="9" offset="119" sl="85" sc="13" el="85" ec="83" bec="0" bev="0" fileid="2" />
                <SequencePoint vc="0" uspid="213" ordinal="10" offset="141" sl="86" sc="13" el="86" ec="80" bec="0" bev="0" fileid="2" />
                <SequencePoint vc="0" uspid="214" ordinal="11" offset="164" sl="87" sc="9" el="87" ec="10" bec="0" bev="0" fileid="2" />
              </SequencePoints>
              <BranchPoints />
              <MethodPoint xsi:type="SequencePoint" vc="0" uspid="203" ordinal="0" offset="0" sl="64" sc="9" el="64" ec="10" bec="0" bev="0" fileid="2" />
            </Method>
            <Method visited="false" cyclomaticComplexity="1" nPathComplexity="0" sequenceCoverage="0" branchCoverage="0" crapScore="2" isConstructor="false" isStatic="false" isGetter="false" isSetter="false">
              <Summary numSequencePoints="11" visitedSequencePoints="0" numBranchPoints="1" visitedBranchPoints="0" sequenceCoverage="0" branchCoverage="0" maxCyclomaticComplexity="1" minCyclomaticComplexity="1" maxCrapScore="2" minCrapScore="2" visitedClasses="0" numClasses="0" visitedMethods="0" numMethods="1" />
              <MetadataToken>100663319</MetadataToken>
              <Name>System.Void ProjectManager.Test.TaskControllerTest::TestInsertTasks_Success()</Name>
              <FileRef uid="2" />
              <SequencePoints>
                <SequencePoint vc="0" uspid="215" ordinal="0" offset="0" sl="91" sc="9" el="91" ec="10" bec="0" bev="0" fileid="2" />
                <SequencePoint vc="0" uspid="216" ordinal="1" offset="1" sl="92" sc="13" el="92" ec="60" bec="0" bev="0" fileid="2" />
                <SequencePoint vc="0" uspid="217" ordinal="2" offset="7" sl="93" sc="13" el="93" ec="51" bec="0" bev="0" fileid="2" />
                <SequencePoint vc="0" uspid="218" ordinal="3" offset="13" sl="94" sc="13" el="101" ec="16" bec="0" bev="0" fileid="2" />
                <SequencePoint vc="0" uspid="219" ordinal="4" offset="84" sl="102" sc="13" el="102" ec="35" bec="0" bev="0" fileid="2" />
                <SequencePoint vc="0" uspid="220" ordinal="5" offset="92" sl="103" sc="13" el="120" ec="15" bec="0" bev="0" fileid="2" />
                <SequencePoint vc="0" uspid="221" ordinal="6" offset="278" sl="122" sc="13" el="122" ec="73" bec="0" bev="0" fileid="2" />
                <SequencePoint vc="0" uspid="222" ordinal="7" offset="290" sl="123" sc="13" el="123" ec="85" bec="0" bev="0" fileid="2" />
                <SequencePoint vc="0" uspid="223" ordinal="8" offset="299" sl="126" sc="13" el="126" ec="38" bec="0" bev="0" fileid="2" />
                <SequencePoint vc="0" uspid="224" ordinal="9" offset="307" sl="128" sc="13" el="128" ec="64" bec="0" bev="0" fileid="2" />
                <SequencePoint vc="0" uspid="225" ordinal="10" offset="340" sl="129" sc="9" el="129" ec="10" bec="0" bev="0" fileid="2" />
              </SequencePoints>
              <BranchPoints />
              <MethodPoint xsi:type="SequencePoint" vc="0" uspid="215" ordinal="0" offset="0" sl="91" sc="9" el="91" ec="10" bec="0" bev="0" fileid="2" />
            </Method>
            <Method visited="false" cyclomaticComplexity="1" nPathComplexity="0" sequenceCoverage="0" branchCoverage="0" crapScore="2" isConstructor="false" isStatic="false" isGetter="false" isSetter="false">
              <Summary numSequencePoints="14" visitedSequencePoints="0" numBranchPoints="1" visitedBranchPoints="0" sequenceCoverage="0" branchCoverage="0" maxCyclomaticComplexity="1" minCyclomaticComplexity="1" maxCrapScore="2" minCrapScore="2" visitedClasses="0" numClasses="0" visitedMethods="0" numMethods="1" />
              <MetadataToken>100663320</MetadataToken>
              <Name>System.Void ProjectManager.Test.TaskControllerTest::TestUpdateProjects_Success()</Name>
              <FileRef uid="2" />
              <SequencePoints>
                <SequencePoint vc="0" uspid="226" ordinal="0" offset="0" sl="133" sc="9" el="133" ec="10" bec="0" bev="0" fileid="2" />
                <SequencePoint vc="0" uspid="227" ordinal="1" offset="1" sl="134" sc="13" el="134" ec="60" bec="0" bev="0" fileid="2" />
                <SequencePoint vc="0" uspid="228" ordinal="2" offset="7" sl="135" sc="13" el="135" ec="51" bec="0" bev="0" fileid="2" />
                <SequencePoint vc="0" uspid="229" ordinal="3" offset="13" sl="136" sc="13" el="136" ec="51" bec="0" bev="0" fileid="2" />
                <SequencePoint vc="0" uspid="230" ordinal="4" offset="19" sl="137" sc="13" el="145" ec="16" bec="0" bev="0" fileid="2" />
                <SequencePoint vc="0" uspid="231" ordinal="5" offset="113" sl="146" sc="13" el="156" ec="16" bec="0" bev="0" fileid="2" />
                <SequencePoint vc="0" uspid="232" ordinal="6" offset="253" sl="157" sc="13" el="157" ec="35" bec="0" bev="0" fileid="2" />
                <SequencePoint vc="0" uspid="233" ordinal="7" offset="261" sl="158" sc="13" el="158" ec="35" bec="0" bev="0" fileid="2" />
                <SequencePoint vc="0" uspid="234" ordinal="8" offset="269" sl="159" sc="13" el="176" ec="15" bec="0" bev="0" fileid="2" />
                <SequencePoint vc="0" uspid="235" ordinal="9" offset="460" sl="178" sc="13" el="178" ec="73" bec="0" bev="0" fileid="2" />
                <SequencePoint vc="0" uspid="236" ordinal="10" offset="473" sl="179" sc="13" el="179" ec="89" bec="0" bev="0" fileid="2" />
                <SequencePoint vc="0" uspid="237" ordinal="11" offset="483" sl="181" sc="13" el="181" ec="38" bec="0" bev="0" fileid="2" />
                <SequencePoint vc="0" uspid="238" ordinal="12" offset="491" sl="182" sc="13" el="182" ec="68" bec="0" bev="0" fileid="2" />
                <SequencePoint vc="0" uspid="239" ordinal="13" offset="526" sl="183" sc="9" el="183" ec="10" bec="0" bev="0" fileid="2" />
              </SequencePoints>
              <BranchPoints />
              <MethodPoint xsi:type="SequencePoint" vc="0" uspid="226" ordinal="0" offset="0" sl="133" sc="9" el="133" ec="10" bec="0" bev="0" fileid="2" />
            </Method>
            <Method visited="false" cyclomaticComplexity="1" nPathComplexity="0" sequenceCoverage="0" branchCoverage="0" crapScore="2" isConstructor="false" isStatic="false" isGetter="false" isSetter="false">
              <Summary numSequencePoints="11" visitedSequencePoints="0" numBranchPoints="1" visitedBranchPoints="0" sequenceCoverage="0" branchCoverage="0" maxCyclomaticComplexity="1" minCyclomaticComplexity="1" maxCrapScore="2" minCrapScore="2" visitedClasses="0" numClasses="0" visitedMethods="0" numMethods="1" />
              <MetadataToken>100663321</MetadataToken>
              <Name>System.Void ProjectManager.Test.TaskControllerTest::TestDeleteProjects_Success()</Name>
              <FileRef uid="2" />
              <SequencePoints>
                <SequencePoint vc="0" uspid="240" ordinal="0" offset="0" sl="187" sc="9" el="187" ec="10" bec="0" bev="0" fileid="2" />
                <SequencePoint vc="0" uspid="241" ordinal="1" offset="1" sl="188" sc="13" el="188" ec="60" bec="0" bev="0" fileid="2" />
                <SequencePoint vc="0" uspid="242" ordinal="2" offset="7" sl="189" sc="13" el="189" ec="51" bec="0" bev="0" fileid="2" />
                <SequencePoint vc="0" uspid="243" ordinal="3" offset="13" sl="191" sc="13" el="201" ec="16" bec="0" bev="0" fileid="2" />
                <SequencePoint vc="0" uspid="244" ordinal="4" offset="153" sl="202" sc="13" el="202" ec="35" bec="0" bev="0" fileid="2" />
                <SequencePoint vc="0" uspid="245" ordinal="5" offset="161" sl="203" sc="13" el="213" ec="15" bec="0" bev="0" fileid="2" />
                <SequencePoint vc="0" uspid="246" ordinal="6" offset="295" sl="215" sc="13" el="215" ec="73" bec="0" bev="0" fileid="2" />
                <SequencePoint vc="0" uspid="247" ordinal="7" offset="307" sl="216" sc="13" el="216" ec="89" bec="0" bev="0" fileid="2" />
                <SequencePoint vc="0" uspid="248" ordinal="8" offset="316" sl="218" sc="13" el="218" ec="38" bec="0" bev="0" fileid="2" />
                <SequencePoint vc="0" uspid="249" ordinal="9" offset="324" sl="219" sc="13" el="219" ec="65" bec="0" bev="0" fileid="2" />
                <SequencePoint vc="0" uspid="250" ordinal="10" offset="353" sl="220" sc="9" el="220" ec="10" bec="0" bev="0" fileid="2" />
              </SequencePoints>
              <BranchPoints />
              <MethodPoint xsi:type="SequencePoint" vc="0" uspid="240" ordinal="0" offset="0" sl="187" sc="9" el="187" ec="10" bec="0" bev="0" fileid="2" />
            </Method>
            <Method visited="false" cyclomaticComplexity="1" nPathComplexity="0" sequenceCoverage="0" branchCoverage="0" crapScore="2" isConstructor="false" isStatic="false" isGetter="false" isSetter="false">
              <Summary numSequencePoints="19" visitedSequencePoints="0" numBranchPoints="1" visitedBranchPoints="0" sequenceCoverage="0" branchCoverage="0" maxCyclomaticComplexity="1" minCyclomaticComplexity="1" maxCrapScore="2" minCrapScore="2" visitedClasses="0" numClasses="0" visitedMethods="0" numMethods="1" />
              <MetadataToken>100663322</MetadataToken>
              <Name>System.Void ProjectManager.Test.TaskControllerTest::TestRetrieveTaskByProjectId_Success()</Name>
              <FileRef uid="2" />
              <SequencePoints>
                <SequencePoint vc="0" uspid="251" ordinal="0" offset="0" sl="224" sc="9" el="224" ec="10" bec="0" bev="0" fileid="2" />
                <SequencePoint vc="0" uspid="252" ordinal="1" offset="1" sl="225" sc="13" el="225" ec="60" bec="0" bev="0" fileid="2" />
                <SequencePoint vc="0" uspid="253" ordinal="2" offset="7" sl="226" sc="13" el="226" ec="51" bec="0" bev="0" fileid="2" />
                <SequencePoint vc="0" uspid="254" ordinal="3" offset="13" sl="227" sc="13" el="227" ec="51" bec="0" bev="0" fileid="2" />
                <SequencePoint vc="0" uspid="255" ordinal="4" offset="19" sl="228" sc="13" el="228" ec="63" bec="0" bev="0" fileid="2" />
                <SequencePoint vc="0" uspid="256" ordinal="5" offset="25" sl="229" sc="13" el="234" ec="16" bec="0" bev="0" fileid="2" />
                <SequencePoint vc="0" uspid="257" ordinal="6" offset="61" sl="235" sc="13" el="235" ec="47" bec="0" bev="0" fileid="2" />
                <SequencePoint vc="0" uspid="258" ordinal="7" offset="69" sl="236" sc="13" el="244" ec="16" bec="0" bev="0" fileid="2" />
                <SequencePoint vc="0" uspid="259" ordinal="8" offset="160" sl="245" sc="13" el="245" ec="35" bec="0" bev="0" fileid="2" />
                <SequencePoint vc="0" uspid="260" ordinal="9" offset="168" sl="246" sc="13" el="256" ec="16" bec="0" bev="0" fileid="2" />
                <SequencePoint vc="0" uspid="261" ordinal="10" offset="311" sl="257" sc="13" el="267" ec="16" bec="0" bev="0" fileid="2" />
                <SequencePoint vc="0" uspid="262" ordinal="11" offset="445" sl="268" sc="13" el="268" ec="35" bec="0" bev="0" fileid="2" />
                <SequencePoint vc="0" uspid="263" ordinal="12" offset="453" sl="270" sc="13" el="270" ec="73" bec="0" bev="0" fileid="2" />
                <SequencePoint vc="0" uspid="264" ordinal="13" offset="466" sl="271" sc="13" el="271" ec="92" bec="0" bev="0" fileid="2" />
                <SequencePoint vc="0" uspid="265" ordinal="14" offset="480" sl="273" sc="13" el="273" ec="38" bec="0" bev="0" fileid="2" />
                <SequencePoint vc="0" uspid="266" ordinal="15" offset="488" sl="274" sc="13" el="274" ec="77" bec="0" bev="0" fileid="2" />
                <SequencePoint vc="0" uspid="267" ordinal="16" offset="511" sl="275" sc="13" el="275" ec="74" bec="0" bev="0" fileid="2" />
                <SequencePoint vc="0" uspid="268" ordinal="17" offset="535" sl="276" sc="13" el="276" ec="86" bec="0" bev="0" fileid="2" />
                <SequencePoint vc="0" uspid="269" ordinal="18" offset="569" sl="277" sc="9" el="277" ec="10" bec="0" bev="0" fileid="2" />
              </SequencePoints>
              <BranchPoints />
              <MethodPoint xsi:type="SequencePoint" vc="0" uspid="251" ordinal="0" offset="0" sl="224" sc="9" el="224" ec="10" bec="0" bev="0" fileid="2" />
            </Method>
            <Method visited="false" cyclomaticComplexity="1" nPathComplexity="0" sequenceCoverage="0" branchCoverage="0" crapScore="2" isConstructor="false" isStatic="false" isGetter="false" isSetter="false">
              <Summary numSequencePoints="5" visitedSequencePoints="0" numBranchPoints="1" visitedBranchPoints="0" sequenceCoverage="0" branchCoverage="0" maxCyclomaticComplexity="1" minCyclomaticComplexity="1" maxCrapScore="2" minCrapScore="2" visitedClasses="0" numClasses="0" visitedMethods="0" numMethods="1" />
              <MetadataToken>100663323</MetadataToken>
              <Name>System.Void ProjectManager.Test.TaskControllerTest::TestRetrieveTaskByProjectId_NegativeTaskId()</Name>
              <FileRef uid="2" />
              <SequencePoints>
                <SequencePoint vc="0" uspid="270" ordinal="0" offset="0" sl="282" sc="9" el="282" ec="10" bec="0" bev="0" fileid="2" />
                <SequencePoint vc="0" uspid="271" ordinal="1" offset="1" sl="283" sc="13" el="283" ec="60" bec="0" bev="0" fileid="2" />
                <SequencePoint vc="0" uspid="272" ordinal="2" offset="7" sl="285" sc="13" el="285" ec="73" bec="0" bev="0" fileid="2" />
                <SequencePoint vc="0" uspid="273" ordinal="3" offset="19" sl="286" sc="13" el="286" ec="93" bec="0" bev="0" fileid="2" />
                <SequencePoint vc="0" uspid="274" ordinal="4" offset="31" sl="287" sc="9" el="287" ec="10" bec="0" bev="0" fileid="2" />
              </SequencePoints>
              <BranchPoints />
              <MethodPoint xsi:type="SequencePoint" vc="0" uspid="270" ordinal="0" offset="0" sl="282" sc="9" el="282" ec="10" bec="0" bev="0" fileid="2" />
            </Method>
            <Method visited="false" cyclomaticComplexity="1" nPathComplexity="0" sequenceCoverage="0" branchCoverage="0" crapScore="2" isConstructor="false" isStatic="false" isGetter="false" isSetter="false">
              <Summary numSequencePoints="5" visitedSequencePoints="0" numBranchPoints="1" visitedBranchPoints="0" sequenceCoverage="0" branchCoverage="0" maxCyclomaticComplexity="1" minCyclomaticComplexity="1" maxCrapScore="2" minCrapScore="2" visitedClasses="0" numClasses="0" visitedMethods="0" numMethods="1" />
              <MetadataToken>100663324</MetadataToken>
              <Name>System.Void ProjectManager.Test.TaskControllerTest::TestInsertTask_NullTaskObject()</Name>
              <FileRef uid="2" />
              <SequencePoints>
                <SequencePoint vc="0" uspid="275" ordinal="0" offset="0" sl="296" sc="9" el="296" ec="10" bec="0" bev="0" fileid="2" />
                <SequencePoint vc="0" uspid="276" ordinal="1" offset="1" sl="297" sc="13" el="297" ec="60" bec="0" bev="0" fileid="2" />
                <SequencePoint vc="0" uspid="277" ordinal="2" offset="7" sl="299" sc="13" el="299" ec="73" bec="0" bev="0" fileid="2" />
                <SequencePoint vc="0" uspid="278" ordinal="3" offset="19" sl="300" sc="13" el="300" ec="85" bec="0" bev="0" fileid="2" />
                <SequencePoint vc="0" uspid="279" ordinal="4" offset="27" sl="301" sc="9" el="301" ec="10" bec="0" bev="0" fileid="2" />
              </SequencePoints>
              <BranchPoints />
              <MethodPoint xsi:type="SequencePoint" vc="0" uspid="275" ordinal="0" offset="0" sl="296" sc="9" el="296" ec="10" bec="0" bev="0" fileid="2" />
            </Method>
            <Method visited="false" cyclomaticComplexity="1" nPathComplexity="0" sequenceCoverage="0" branchCoverage="0" crapScore="2" isConstructor="false" isStatic="false" isGetter="false" isSetter="false">
              <Summary numSequencePoints="7" visitedSequencePoints="0" numBranchPoints="1" visitedBranchPoints="0" sequenceCoverage="0" branchCoverage="0" maxCyclomaticComplexity="1" minCyclomaticComplexity="1" maxCrapScore="2" minCrapScore="2" visitedClasses="0" numClasses="0" visitedMethods="0" numMethods="1" />
              <MetadataToken>100663325</MetadataToken>
              <Name>System.Void ProjectManager.Test.TaskControllerTest::TestInsertTask_NegativeTaskParentId()</Name>
              <FileRef uid="2" />
              <SequencePoints>
                <SequencePoint vc="0" uspid="280" ordinal="0" offset="0" sl="307" sc="9" el="307" ec="10" bec="0" bev="0" fileid="2" />
                <SequencePoint vc="0" uspid="281" ordinal="1" offset="1" sl="308" sc="13" el="308" ec="60" bec="0" bev="0" fileid="2" />
                <SequencePoint vc="0" uspid="282" ordinal="2" offset="7" sl="309" sc="13" el="309" ec="50" bec="0" bev="0" fileid="2" />
                <SequencePoint vc="0" uspid="283" ordinal="3" offset="13" sl="310" sc="13" el="310" ec="35" bec="0" bev="0" fileid="2" />
                <SequencePoint vc="0" uspid="284" ordinal="4" offset="30" sl="311" sc="13" el="311" ec="73" bec="0" bev="0" fileid="2" />
                <SequencePoint vc="0" uspid="285" ordinal="5" offset="42" sl="312" sc="13" el="312" ec="85" bec="0" bev="0" fileid="2" />
                <SequencePoint vc="0" uspid="286" ordinal="6" offset="50" sl="313" sc="9" el="313" ec="10" bec="0" bev="0" fileid="2" />
              </SequencePoints>
              <BranchPoints />
              <MethodPoint xsi:type="SequencePoint" vc="0" uspid="280" ordinal="0" offset="0" sl="307" sc="9" el="307" ec="10" bec="0" bev="0" fileid="2" />
            </Method>
            <Method visited="false" cyclomaticComplexity="1" nPathComplexity="0" sequenceCoverage="0" branchCoverage="0" crapScore="2" isConstructor="false" isStatic="false" isGetter="false" isSetter="false">
              <Summary numSequencePoints="7" visitedSequencePoints="0" numBranchPoints="1" visitedBranchPoints="0" sequenceCoverage="0" branchCoverage="0" maxCyclomaticComplexity="1" minCyclomaticComplexity="1" maxCrapScore="2" minCrapScore="2" visitedClasses="0" numClasses="0" visitedMethods="0" numMethods="1" />
              <MetadataToken>100663326</MetadataToken>
              <Name>System.Void ProjectManager.Test.TaskControllerTest::TestInsertTask_NegativeProjectId()</Name>
              <FileRef uid="2" />
              <SequencePoints>
                <SequencePoint vc="0" uspid="287" ordinal="0" offset="0" sl="318" sc="9" el="318" ec="10" bec="0" bev="0" fileid="2" />
                <SequencePoint vc="0" uspid="288" ordinal="1" offset="1" sl="319" sc="13" el="319" ec="60" bec="0" bev="0" fileid="2" />
                <SequencePoint vc="0" uspid="289" ordinal="2" offset="7" sl="320" sc="13" el="320" ec="50" bec="0" bev="0" fileid="2" />
                <SequencePoint vc="0" uspid="290" ordinal="3" offset="13" sl="321" sc="13" el="321" ec="36" bec="0" bev="0" fileid="2" />
                <SequencePoint vc="0" uspid="291" ordinal="4" offset="30" sl="322" sc="13" el="322" ec="73" bec="0" bev="0" fileid="2" />
                <SequencePoint vc="0" uspid="292" ordinal="5" offset="42" sl="323" sc="13" el="323" ec="85" bec="0" bev="0" fileid="2" />
                <SequencePoint vc="0" uspid="293" ordinal="6" offset="50" sl="324" sc="9" el="324" ec="10" bec="0" bev="0" fileid="2" />
              </SequencePoints>
              <BranchPoints />
              <MethodPoint xsi:type="SequencePoint" vc="0" uspid="287" ordinal="0" offset="0" sl="318" sc="9" el="318" ec="10" bec="0" bev="0" fileid="2" />
            </Method>
            <Method visited="false" cyclomaticComplexity="1" nPathComplexity="0" sequenceCoverage="0" branchCoverage="0" crapScore="2" isConstructor="false" isStatic="false" isGetter="false" isSetter="false">
              <Summary numSequencePoints="7" visitedSequencePoints="0" numBranchPoints="1" visitedBranchPoints="0" sequenceCoverage="0" branchCoverage="0" maxCyclomaticComplexity="1" minCyclomaticComplexity="1" maxCrapScore="2" minCrapScore="2" visitedClasses="0" numClasses="0" visitedMethods="0" numMethods="1" />
              <MetadataToken>100663327</MetadataToken>
              <Name>System.Void ProjectManager.Test.TaskControllerTest::TestInsertTask_NegativeTaskId()</Name>
              <FileRef uid="2" />
              <SequencePoints>
                <SequencePoint vc="0" uspid="294" ordinal="0" offset="0" sl="329" sc="9" el="329" ec="10" bec="0" bev="0" fileid="2" />
                <SequencePoint vc="0" uspid="295" ordinal="1" offset="1" sl="330" sc="13" el="330" ec="60" bec="0" bev="0" fileid="2" />
                <SequencePoint vc="0" uspid="296" ordinal="2" offset="7" sl="331" sc="13" el="331" ec="50" bec="0" bev="0" fileid="2" />
                <SequencePoint vc="0" uspid="297" ordinal="3" offset="13" sl="332" sc="13" el="332" ec="32" bec="0" bev="0" fileid="2" />
                <SequencePoint vc="0" uspid="298" ordinal="4" offset="25" sl="333" sc="13" el="333" ec="73" bec="0" bev="0" fileid="2" />
                <SequencePoint vc="0" uspid="299" ordinal="5" offset="37" sl="334" sc="13" el="334" ec="85" bec="0" bev="0" fileid="2" />
                <SequencePoint vc="0" uspid="300" ordinal="6" offset="45" sl="335" sc="9" el="335" ec="10" bec="0" bev="0" fileid="2" />
              </SequencePoints>
              <BranchPoints />
              <MethodPoint xsi:type="SequencePoint" vc="0" uspid="294" ordinal="0" offset="0" sl="329" sc="9" el="329" ec="10" bec="0" bev="0" fileid="2" />
            </Method>
            <Method visited="false" cyclomaticComplexity="1" nPathComplexity="0" sequenceCoverage="0" branchCoverage="0" crapScore="2" isConstructor="false" isStatic="false" isGetter="false" isSetter="false">
              <Summary numSequencePoints="5" visitedSequencePoints="0" numBranchPoints="1" visitedBranchPoints="0" sequenceCoverage="0" branchCoverage="0" maxCyclomaticComplexity="1" minCyclomaticComplexity="1" maxCrapScore="2" minCrapScore="2" visitedClasses="0" numClasses="0" visitedMethods="0" numMethods="1" />
              <MetadataToken>100663328</MetadataToken>
              <Name>System.Void ProjectManager.Test.TaskControllerTest::TestUpdateTask_NullTaskObject()</Name>
              <FileRef uid="2" />
              <SequencePoints>
                <SequencePoint vc="0" uspid="301" ordinal="0" offset="0" sl="343" sc="9" el="343" ec="10" bec="0" bev="0" fileid="2" />
                <SequencePoint vc="0" uspid="302" ordinal="1" offset="1" sl="344" sc="13" el="344" ec="60" bec="0" bev="0" fileid="2" />
                <SequencePoint vc="0" uspid="303" ordinal="2" offset="7" sl="346" sc="13" el="346" ec="73" bec="0" bev="0" fileid="2" />
                <SequencePoint vc="0" uspid="304" ordinal="3" offset="19" sl="347" sc="13" el="347" ec="85" bec="0" bev="0" fileid="2" />
                <SequencePoint vc="0" uspid="305" ordinal="4" offset="27" sl="348" sc="9" el="348" ec="10" bec="0" bev="0" fileid="2" />
              </SequencePoints>
              <BranchPoints />
              <MethodPoint xsi:type="SequencePoint" vc="0" uspid="301" ordinal="0" offset="0" sl="343" sc="9" el="343" ec="10" bec="0" bev="0" fileid="2" />
            </Method>
            <Method visited="false" cyclomaticComplexity="1" nPathComplexity="0" sequenceCoverage="0" branchCoverage="0" crapScore="2" isConstructor="false" isStatic="false" isGetter="false" isSetter="false">
              <Summary numSequencePoints="7" visitedSequencePoints="0" numBranchPoints="1" visitedBranchPoints="0" sequenceCoverage="0" branchCoverage="0" maxCyclomaticComplexity="1" minCyclomaticComplexity="1" maxCrapScore="2" minCrapScore="2" visitedClasses="0" numClasses="0" visitedMethods="0" numMethods="1" />
              <MetadataToken>100663329</MetadataToken>
              <Name>System.Void ProjectManager.Test.TaskControllerTest::TestUpdateTask_NegativeTaskParentId()</Name>
              <FileRef uid="2" />
              <SequencePoints>
                <SequencePoint vc="0" uspid="306" ordinal="0" offset="0" sl="353" sc="9" el="353" ec="10" bec="0" bev="0" fileid="2" />
                <SequencePoint vc="0" uspid="307" ordinal="1" offset="1" sl="354" sc="13" el="354" ec="60" bec="0" bev="0" fileid="2" />
                <SequencePoint vc="0" uspid="308" ordinal="2" offset="7" sl="355" sc="13" el="355" ec="50" bec="0" bev="0" fileid="2" />
                <SequencePoint vc="0" uspid="309" ordinal="3" offset="13" sl="356" sc="13" el="356" ec="35" bec="0" bev="0" fileid="2" />
                <SequencePoint vc="0" uspid="310" ordinal="4" offset="30" sl="357" sc="13" el="357" ec="73" bec="0" bev="0" fileid="2" />
[...]
                <SequencePoint vc="0" uspid="1207" ordinal="3" offset="15" sl="21" sc="13" el="21" ec="33" bec="0" bev="0" fileid="30" />
                <SequencePoint vc="0" uspid="1208" ordinal="4" offset="22" sl="22" sc="9" el="22" ec="10" bec="0" bev="0" fileid="30" />
              </SequencePoints>
              <BranchPoints />
              <MethodPoint xsi:type="SequencePoint" vc="0" uspid="1204" ordinal="0" offset="0" sl="12" sc="9" el="12" ec="53" bec="0" bev="0" fileid="30" />
            </Method>
            <Method visited="false" cyclomaticComplexity="2" nPathComplexity="0" sequenceCoverage="0" branchCoverage="0" crapScore="6" isConstructor="false" isStatic="false" isGetter="false" isSetter="false">
              <Summary numSequencePoints="5" visitedSequencePoints="0" numBranchPoints="1" visitedBranchPoints="0" sequenceCoverage="0" branchCoverage="0" maxCyclomaticComplexity="2" minCyclomaticComplexity="2" maxCrapScore="6" minCrapScore="6" visitedClasses="0" numClasses="0" visitedMethods="0" numMethods="1" />
              <MetadataToken>100663461</MetadataToken>
              <Name>System.Collections.Generic.List`1&lt;FSE_SBA.Models.User&gt; FSE_SBA.BC.UserBC::GetUser()</Name>
              <FileRef uid="30" />
              <SequencePoints>
                <SequencePoint vc="0" uspid="1209" ordinal="0" offset="0" sl="24" sc="9" el="24" ec="10" bec="0" bev="0" fileid="30" />
                <SequencePoint vc="0" uspid="1210" ordinal="1" offset="1" sl="25" sc="13" el="25" ec="30" bec="0" bev="0" fileid="30" />
                <SequencePoint vc="0" uspid="1211" ordinal="2" offset="8" sl="26" sc="13" el="26" ec="14" bec="0" bev="0" fileid="30" />
                <SequencePoint vc="0" uspid="1212" ordinal="3" offset="9" sl="27" sc="17" el="33" ec="29" bec="0" bev="0" fileid="30" />
                <SequencePoint vc="0" uspid="1213" ordinal="4" offset="282" sl="36" sc="9" el="36" ec="10" bec="0" bev="0" fileid="30" />
              </SequencePoints>
              <BranchPoints />
              <MethodPoint xsi:type="SequencePoint" vc="0" uspid="1209" ordinal="0" offset="0" sl="24" sc="9" el="24" ec="10" bec="0" bev="0" fileid="30" />
            </Method>
            <Method visited="false" cyclomaticComplexity="2" nPathComplexity="0" sequenceCoverage="0" branchCoverage="0" crapScore="6" isConstructor="false" isStatic="false" isGetter="false" isSetter="false">
              <Summary numSequencePoints="6" visitedSequencePoints="0" numBranchPoints="1" visitedBranchPoints="0" sequenceCoverage="0" branchCoverage="0" maxCyclomaticComplexity="2" minCyclomaticComplexity="2" maxCrapScore="6" minCrapScore="6" visitedClasses="0" numClasses="0" visitedMethods="0" numMethods="1" />
              <MetadataToken>100663462</MetadataToken>
              <Name>System.Int32 FSE_SBA.BC.UserBC::InsertUserDetails(FSE_SBA.Models.User)</Name>
              <FileRef uid="30" />
              <SequencePoints>
                <SequencePoint vc="0" uspid="1214" ordinal="0" offset="0" sl="39" sc="9" el="39" ec="10" bec="0" bev="0" fileid="30" />
                <SequencePoint vc="0" uspid="1215" ordinal="1" offset="1" sl="40" sc="13" el="40" ec="30" bec="0" bev="0" fileid="30" />
                <SequencePoint vc="0" uspid="1216" ordinal="2" offset="8" sl="41" sc="13" el="41" ec="14" bec="0" bev="0" fileid="30" />
                <SequencePoint vc="0" uspid="1217" ordinal="3" offset="9" sl="42" sc="17" el="47" ec="20" bec="0" bev="0" fileid="30" />
                <SequencePoint vc="0" uspid="1218" ordinal="4" offset="70" sl="48" sc="17" el="48" ec="48" bec="0" bev="0" fileid="30" />
                <SequencePoint vc="0" uspid="1219" ordinal="5" offset="95" sl="50" sc="9" el="50" ec="10" bec="0" bev="0" fileid="30" />
              </SequencePoints>
              <BranchPoints />
              <MethodPoint xsi:type="SequencePoint" vc="0" uspid="1214" ordinal="0" offset="0" sl="39" sc="9" el="39" ec="10" bec="0" bev="0" fileid="30" />
            </Method>
            <Method visited="false" cyclomaticComplexity="3" nPathComplexity="2" sequenceCoverage="0" branchCoverage="0" crapScore="12" isConstructor="false" isStatic="false" isGetter="false" isSetter="false">
              <Summary numSequencePoints="12" visitedSequencePoints="0" numBranchPoints="3" visitedBranchPoints="0" sequenceCoverage="0" branchCoverage="0" maxCyclomaticComplexity="3" minCyclomaticComplexity="3" maxCrapScore="12" minCrapScore="12" visitedClasses="0" numClasses="0" visitedMethods="0" numMethods="1" />
              <MetadataToken>100663463</MetadataToken>
              <Name>System.Int32 FSE_SBA.BC.UserBC::UpdateUserDetails(FSE_SBA.Models.User)</Name>
              <FileRef uid="30" />
              <SequencePoints>
                <SequencePoint vc="0" uspid="1220" ordinal="0" offset="13" sl="53" sc="9" el="53" ec="10" bec="0" bev="0" fileid="30" />
                <SequencePoint vc="0" uspid="1221" ordinal="1" offset="14" sl="54" sc="13" el="54" ec="30" bec="0" bev="0" fileid="30" />
                <SequencePoint vc="0" uspid="1222" ordinal="2" offset="21" sl="55" sc="13" el="55" ec="14" bec="0" bev="0" fileid="30" />
                <SequencePoint vc="0" uspid="1223" ordinal="3" offset="22" sl="56" sc="17" el="58" ec="61" bec="0" bev="0" fileid="30" />
                <SequencePoint vc="0" uspid="1224" ordinal="4" offset="157" sl="60" sc="17" el="60" ec="41" bec="2" bev="0" fileid="30" />
                <SequencePoint vc="0" uspid="1225" ordinal="5" offset="167" sl="61" sc="17" el="61" ec="18" bec="0" bev="0" fileid="30" />
                <SequencePoint vc="0" uspid="1226" ordinal="6" offset="168" sl="62" sc="21" el="62" ec="61" bec="0" bev="0" fileid="30" />
                <SequencePoint vc="0" uspid="1227" ordinal="7" offset="186" sl="63" sc="21" el="63" ec="59" bec="0" bev="0" fileid="30" />
                <SequencePoint vc="0" uspid="1228" ordinal="8" offset="204" sl="64" sc="21" el="64" ec="63" bec="0" bev="0" fileid="30" />
                <SequencePoint vc="0" uspid="1229" ordinal="9" offset="222" sl="66" sc="17" el="66" ec="18" bec="0" bev="0" fileid="30" />
                <SequencePoint vc="0" uspid="1230" ordinal="10" offset="223" sl="67" sc="17" el="67" ec="48" bec="0" bev="0" fileid="30" />
                <SequencePoint vc="0" uspid="1231" ordinal="11" offset="249" sl="70" sc="9" el="70" ec="10" bec="0" bev="0" fileid="30" />
              </SequencePoints>
              <BranchPoints>
                <BranchPoint vc="0" uspid="1232" ordinal="0" offset="165" sl="60" path="0" offsetend="167" fileid="30" />
                <BranchPoint vc="0" uspid="1233" ordinal="1" offset="165" sl="60" path="1" offsetend="223" fileid="30" />
              </BranchPoints>
              <MethodPoint vc="0" uspid="1234" ordinal="0" offset="0" />
            </Method>
            <Method visited="false" cyclomaticComplexity="3" nPathComplexity="2" sequenceCoverage="0" branchCoverage="0" crapScore="12" isConstructor="false" isStatic="false" isGetter="false" isSetter="false">
              <Summary numSequencePoints="10" visitedSequencePoints="0" numBranchPoints="3" visitedBranchPoints="0" sequenceCoverage="0" branchCoverage="0" maxCyclomaticComplexity="3" minCyclomaticComplexity="3" maxCrapScore="12" minCrapScore="12" visitedClasses="0" numClasses="0" visitedMethods="0" numMethods="1" />
              <MetadataToken>100663464</MetadataToken>
              <Name>System.Int32 FSE_SBA.BC.UserBC::DeleteUserDetails(FSE_SBA.Models.User)</Name>
              <FileRef uid="30" />
              <SequencePoints>
                <SequencePoint vc="0" uspid="1235" ordinal="0" offset="13" sl="73" sc="9" el="73" ec="10" bec="0" bev="0" fileid="30" />
                <SequencePoint vc="0" uspid="1236" ordinal="1" offset="14" sl="74" sc="13" el="74" ec="30" bec="0" bev="0" fileid="30" />
                <SequencePoint vc="0" uspid="1237" ordinal="2" offset="21" sl="75" sc="13" el="75" ec="14" bec="0" bev="0" fileid="30" />
                <SequencePoint vc="0" uspid="1238" ordinal="3" offset="22" sl="76" sc="17" el="78" ec="61" bec="0" bev="0" fileid="30" />
                <SequencePoint vc="0" uspid="1239" ordinal="4" offset="157" sl="80" sc="17" el="80" ec="41" bec="2" bev="0" fileid="30" />
                <SequencePoint vc="0" uspid="1240" ordinal="5" offset="167" sl="81" sc="17" el="81" ec="18" bec="0" bev="0" fileid="30" />
                <SequencePoint vc="0" uspid="1241" ordinal="6" offset="168" sl="82" sc="21" el="82" ec="57" bec="0" bev="0" fileid="30" />
                <SequencePoint vc="0" uspid="1242" ordinal="7" offset="186" sl="83" sc="17" el="83" ec="18" bec="0" bev="0" fileid="30" />
                <SequencePoint vc="0" uspid="1243" ordinal="8" offset="187" sl="84" sc="17" el="84" ec="48" bec="0" bev="0" fileid="30" />
                <SequencePoint vc="0" uspid="1244" ordinal="9" offset="213" sl="87" sc="9" el="87" ec="10" bec="0" bev="0" fileid="30" />
              </SequencePoints>
              <BranchPoints>
                <BranchPoint vc="0" uspid="1245" ordinal="0" offset="165" sl="80" path="0" offsetend="167" fileid="30" />
                <BranchPoint vc="0" uspid="1246" ordinal="1" offset="165" sl="80" path="1" offsetend="187" fileid="30" />
              </BranchPoints>
              <MethodPoint vc="0" uspid="1247" ordinal="0" offset="0" />
            </Method>
          </Methods>
        </Class>
        <Class>
          <Summary numSequencePoints="0" visitedSequencePoints="0" numBranchPoints="0" visitedBranchPoints="0" sequenceCoverage="0" branchCoverage="0" maxCyclomaticComplexity="1" minCyclomaticComplexity="1" maxCrapScore="2" minCrapScore="2" visitedClasses="0" numClasses="0" visitedMethods="0" numMethods="0" />
          <FullName>FSE_SBA.BC.UserBC/&lt;&gt;c__DisplayClass5_0</FullName>
          <Methods>
            <Method visited="false" cyclomaticComplexity="1" nPathComplexity="0" sequenceCoverage="0" branchCoverage="0" crapScore="2" isConstructor="true" isStatic="false" isGetter="false" isSetter="false">
              <Summary numSequencePoints="0" visitedSequencePoints="0" numBranchPoints="0" visitedBranchPoints="0" sequenceCoverage="0" branchCoverage="0" maxCyclomaticComplexity="1" minCyclomaticComplexity="1" maxCrapScore="2" minCrapScore="2" visitedClasses="0" numClasses="0" visitedMethods="0" numMethods="0" />
              <MetadataToken>100663479</MetadataToken>
              <Name>System.Void FSE_SBA.BC.UserBC/&lt;&gt;c__DisplayClass5_0::.ctor()</Name>
              <SequencePoints />
              <BranchPoints />
              <MethodPoint vc="0" uspid="1248" ordinal="0" offset="0" />
            </Method>
          </Methods>
        </Class>
        <Class>
          <Summary numSequencePoints="0" visitedSequencePoints="0" numBranchPoints="0" visitedBranchPoints="0" sequenceCoverage="0" branchCoverage="0" maxCyclomaticComplexity="1" minCyclomaticComplexity="1" maxCrapScore="2" minCrapScore="2" visitedClasses="0" numClasses="0" visitedMethods="0" numMethods="0" />
          <FullName>FSE_SBA.BC.UserBC/&lt;&gt;c__DisplayClass6_0</FullName>
          <Methods>
            <Method visited="false" cyclomaticComplexity="1" nPathComplexity="0" sequenceCoverage="0" branchCoverage="0" crapScore="2" isConstructor="true" isStatic="false" isGetter="false" isSetter="false">
              <Summary numSequencePoints="0" visitedSequencePoints="0" numBranchPoints="0" visitedBranchPoints="0" sequenceCoverage="0" branchCoverage="0" maxCyclomaticComplexity="1" minCyclomaticComplexity="1" maxCrapScore="2" minCrapScore="2" visitedClasses="0" numClasses="0" visitedMethods="0" numMethods="0" />
              <MetadataToken>100663480</MetadataToken>
              <Name>System.Void FSE_SBA.BC.UserBC/&lt;&gt;c__DisplayClass6_0::.ctor()</Name>
              <SequencePoints />
              <BranchPoints />
              <MethodPoint vc="0" uspid="1249" ordinal="0" offset="0" />
            </Method>
          </Methods>
        </Class>
        <Class>
          <Summary numSequencePoints="14" visitedSequencePoints="0" numBranchPoints="5" visitedBranchPoints="0" sequenceCoverage="0" branchCoverage="0" maxCyclomaticComplexity="3" minCyclomaticComplexity="1" maxCrapScore="12" minCrapScore="2" visitedClasses="0" numClasses="1" visitedMethods="0" numMethods="1" />
          <FullName>FSE_SBA.ActionFilters.ProjectManagerExceptionFilter</FullName>
          <Methods>
            <Method visited="false" cyclomaticComplexity="3" nPathComplexity="4" sequenceCoverage="0" branchCoverage="0" crapScore="12" isConstructor="false" isStatic="false" isGetter="false" isSetter="false">
              <Summary numSequencePoints="14" visitedSequencePoints="0" numBranchPoints="5" visitedBranchPoints="0" sequenceCoverage="0" branchCoverage="0" maxCyclomaticComplexity="3" minCyclomaticComplexity="3" maxCrapScore="12" minCrapScore="12" visitedClasses="0" numClasses="0" visitedMethods="0" numMethods="1" />
              <MetadataToken>100663465</MetadataToken>
              <Name>System.Void FSE_SBA.ActionFilters.ProjectManagerExceptionFilter::OnException(System.Web.Http.Filters.HttpActionExecutedContext)</Name>
              <FileRef uid="31" />
              <SequencePoints>
                <SequencePoint vc="0" uspid="1250" ordinal="0" offset="0" sl="18" sc="9" el="18" ec="10" bec="0" bev="0" fileid="31" />
                <SequencePoint vc="0" uspid="1251" ordinal="1" offset="1" sl="19" sc="13" el="19" ec="108" bec="0" bev="0" fileid="31" />
                <SequencePoint vc="0" uspid="1252" ordinal="2" offset="32" sl="20" sc="13" el="20" ec="85" bec="0" bev="0" fileid="31" />
                <SequencePoint vc="0" uspid="1253" ordinal="3" offset="48" sl="21" sc="13" el="21" ec="253" bec="0" bev="0" fileid="31" />
                <SequencePoint vc="0" uspid="1254" ordinal="4" offset="150" sl="23" sc="13" el="23" ec="61" bec="0" bev="0" fileid="31" />
                <SequencePoint vc="0" uspid="1255" ordinal="5" offset="162" sl="25" sc="13" el="25" ec="62" bec="2" bev="0" fileid="31" />
                <SequencePoint vc="0" uspid="1256" ordinal="6" offset="182" sl="26" sc="13" el="26" ec="14" bec="0" bev="0" fileid="31" />
                <SequencePoint vc="0" uspid="1257" ordinal="7" offset="183" sl="27" sc="17" el="27" ec="177" bec="0" bev="0" fileid="31" />
                <SequencePoint vc="0" uspid="1258" ordinal="8" offset="229" sl="28" sc="17" el="28" ec="55" bec="0" bev="0" fileid="31" />
                <SequencePoint vc="0" uspid="1259" ordinal="9" offset="236" sl="31" sc="18" el="31" ec="75" bec="2" bev="0" fileid="31" />
                <SequencePoint vc="0" uspid="1260" ordinal="10" offset="258" sl="32" sc="13" el="32" ec="14" bec="0" bev="0" fileid="31" />
                <SequencePoint vc="0" uspid="1261" ordinal="11" offset="259" sl="33" sc="17" el="33" ec="110" bec="0" bev="0" fileid="31" />
                <SequencePoint vc="0" uspid="1262" ordinal="12" offset="281" sl="36" sc="13" el="36" ec="14" bec="0" bev="0" fileid="31" />
                <SequencePoint vc="0" uspid="1263" ordinal="13" offset="282" sl="37" sc="17" el="37" ec="117" bec="0" bev="0" fileid="31" />
              </SequencePoints>
              <BranchPoints>
                <BranchPoint vc="0" uspid="1264" ordinal="0" offset="180" sl="25" path="0" offsetend="182" fileid="31" />
                <BranchPoint vc="0" uspid="1265" ordinal="1" offset="180" sl="25" path="1" offsetend="236" fileid="31" />
                <BranchPoint vc="0" uspid="1266" ordinal="2" offset="256" sl="31" path="0" offsetend="258" fileid="31" />
                <BranchPoint vc="0" uspid="1267" ordinal="3" offset="256" sl="31" path="1" offsetend="281" fileid="31" />
              </BranchPoints>
              <MethodPoint xsi:type="SequencePoint" vc="0" uspid="1250" ordinal="0" offset="0" sl="18" sc="9" el="18" ec="10" bec="0" bev="0" fileid="31" />
            </Method>
            <Method visited="false" cyclomaticComplexity="1" nPathComplexity="0" sequenceCoverage="0" branchCoverage="0" crapScore="2" isConstructor="true" isStatic="false" isGetter="false" isSetter="false">
              <Summary numSequencePoints="0" visitedSequencePoints="0" numBranchPoints="0" visitedBranchPoints="0" sequenceCoverage="0" branchCoverage="0" maxCyclomaticComplexity="1" minCyclomaticComplexity="1" maxCrapScore="2" minCrapScore="2" visitedClasses="0" numClasses="0" visitedMethods="0" numMethods="0" />
              <MetadataToken>100663466</MetadataToken>
              <Name>System.Void FSE_SBA.ActionFilters.ProjectManagerExceptionFilter::.ctor()</Name>
              <SequencePoints />
              <BranchPoints />
              <MethodPoint vc="0" uspid="1268" ordinal="0" offset="0" />
            </Method>
          </Methods>
        </Class>
        <Class>
          <Summary numSequencePoints="5" visitedSequencePoints="0" numBranchPoints="1" visitedBranchPoints="0" sequenceCoverage="0" branchCoverage="0" maxCyclomaticComplexity="1" minCyclomaticComplexity="1" maxCrapScore="2" minCrapScore="2" visitedClasses="0" numClasses="1" visitedMethods="0" numMethods="1" />
          <FullName>FSE_SBA.ActionFilters.ProjectManagerLogFilter</FullName>
          <Methods>
            <Method visited="false" cyclomaticComplexity="1" nPathComplexity="0" sequenceCoverage="0" branchCoverage="0" crapScore="2" isConstructor="false" isStatic="false" isGetter="false" isSetter="false">
              <Summary numSequencePoints="5" visitedSequencePoints="0" numBranchPoints="1" visitedBranchPoints="0" sequenceCoverage="0" branchCoverage="0" maxCyclomaticComplexity="1" minCyclomaticComplexity="1" maxCrapScore="2" minCrapScore="2" visitedClasses="0" numClasses="0" visitedMethods="0" numMethods="1" />
              <MetadataToken>100663467</MetadataToken>
              <Name>System.Void FSE_SBA.ActionFilters.ProjectManagerLogFilter::OnActionExecuting(System.Web.Http.Controllers.HttpActionContext)</Name>
              <FileRef uid="32" />
              <SequencePoints>
                <SequencePoint vc="0" uspid="1269" ordinal="0" offset="0" sl="14" sc="9" el="14" ec="10" bec="0" bev="0" fileid="32" />
                <SequencePoint vc="0" uspid="1270" ordinal="1" offset="1" sl="15" sc="13" el="15" ec="108" bec="0" bev="0" fileid="32" />
                <SequencePoint vc="0" uspid="1271" ordinal="2" offset="32" sl="16" sc="13" el="16" ec="85" bec="0" bev="0" fileid="32" />
                <SequencePoint vc="0" uspid="1272" ordinal="3" offset="48" sl="17" sc="13" el="17" ec="262" bec="0" bev="0" fileid="32" />
                <SequencePoint vc="0" uspid="1273" ordinal="4" offset="154" sl="18" sc="9" el="18" ec="10" bec="0" bev="0" fileid="32" />
              </SequencePoints>
              <BranchPoints />
              <MethodPoint xsi:type="SequencePoint" vc="0" uspid="1269" ordinal="0" offset="0" sl="14" sc="9" el="14" ec="10" bec="0" bev="0" fileid="32" />
            </Method>
            <Method visited="false" cyclomaticComplexity="1" nPathComplexity="0" sequenceCoverage="0" branchCoverage="0" crapScore="2" isConstructor="true" isStatic="false" isGetter="false" isSetter="false">
              <Summary numSequencePoints="0" visitedSequencePoints="0" numBranchPoints="0" visitedBranchPoints="0" sequenceCoverage="0" branchCoverage="0" maxCyclomaticComplexity="1" minCyclomaticComplexity="1" maxCrapScore="2" minCrapScore="2" visitedClasses="0" numClasses="0" visitedMethods="0" numMethods="0" />
              <MetadataToken>100663468</MetadataToken>
              <Name>System.Void FSE_SBA.ActionFilters.ProjectManagerLogFilter::.ctor()</Name>
              <SequencePoints />
              <BranchPoints />
              <MethodPoint vc="0" uspid="1274" ordinal="0" offset="0" />
            </Method>
          </Methods>
        </Class>
      </Classes>
      <TrackedMethods />
    </Module>
  </Modules>
</CoverageSession>